2021-07-24 10:48:17,499::scraper::DEBUG::logger configured
2021-07-24 10:48:17,499::database::DEBUG::logger configured
2021-07-24 10:48:17,499::database::DEBUG::news.db opening connection
2021-07-24 10:48:17,500::database::DEBUG::news.db connection open
2021-07-24 10:48:17,502::database::DEBUG::minas table dropped
2021-07-24 10:48:17,505::database::DEBUG::minas table created
2021-07-24 10:48:17,506::webdriver::DEBUG::logger configured
2021-07-24 10:48:17,506::webdriver::DEBUG::opening connection...
2021-07-24 10:48:19,797::webdriver::DEBUG::connection open
2021-07-24 10:48:19,797::webdriver::DEBUG::getting page https://www.em.com.br/politica/...
2021-07-24 10:52:04,471::webdriver::DEBUG::page received
2021-07-24 10:52:04,472::scraper::DEBUG::page 1
2021-07-24 10:52:04,472::webdriver::DEBUG::findind elements...
2021-07-24 10:52:04,509::webdriver::DEBUG::0 elements found
2021-07-24 10:52:04,509::scraper::DEBUG::0 elements found
2021-07-24 10:52:04,509::scraper::DEBUG::looping through elements...
2021-07-24 10:52:04,509::database::DEBUG::changes commited
2021-07-24 10:52:04,509::webdriver::DEBUG::clicking next page
2021-07-24 10:52:14,756::scraper::WARNING::no next page, trying again...
2021-07-24 10:52:14,757::scraper::DEBUG::page 2
2021-07-24 10:52:14,757::webdriver::DEBUG::findind elements...
2021-07-24 10:52:14,764::webdriver::DEBUG::0 elements found
2021-07-24 10:52:14,764::scraper::DEBUG::0 elements found
2021-07-24 10:52:14,765::scraper::DEBUG::looping through elements...
2021-07-24 10:52:14,765::database::DEBUG::changes commited
2021-07-24 10:52:14,765::webdriver::DEBUG::clicking next page
2021-07-24 10:52:24,987::scraper::WARNING::no next page, trying again...
2021-07-24 10:52:24,987::scraper::DEBUG::page 3
2021-07-24 10:52:24,987::webdriver::DEBUG::findind elements...
2021-07-24 10:52:24,998::webdriver::DEBUG::0 elements found
2021-07-24 10:52:24,999::scraper::DEBUG::0 elements found
2021-07-24 10:52:25,000::scraper::DEBUG::looping through elements...
2021-07-24 10:52:25,001::database::DEBUG::changes commited
2021-07-24 10:52:25,001::webdriver::DEBUG::clicking next page
2021-07-24 10:52:35,220::scraper::WARNING::no next page, trying again...
2021-07-24 10:52:35,221::scraper::DEBUG::page 4
2021-07-24 10:52:35,221::webdriver::DEBUG::findind elements...
2021-07-24 10:52:35,229::webdriver::DEBUG::0 elements found
2021-07-24 10:52:35,230::scraper::DEBUG::0 elements found
2021-07-24 10:52:35,230::scraper::DEBUG::looping through elements...
2021-07-24 10:52:35,230::database::DEBUG::changes commited
2021-07-24 10:52:35,230::webdriver::DEBUG::clicking next page
2021-07-24 10:52:45,478::scraper::WARNING::no next page, trying again...
2021-07-24 10:52:45,478::scraper::DEBUG::page 5
2021-07-24 10:52:45,479::webdriver::DEBUG::findind elements...
2021-07-24 10:52:45,487::webdriver::DEBUG::0 elements found
2021-07-24 10:52:45,487::scraper::DEBUG::0 elements found
2021-07-24 10:52:45,487::scraper::DEBUG::looping through elements...
2021-07-24 10:52:45,487::database::DEBUG::changes commited
2021-07-24 10:52:45,487::webdriver::DEBUG::clicking next page
2021-07-24 10:52:55,709::scraper::WARNING::no next page, trying again...
2021-07-24 10:52:55,709::scraper::DEBUG::page 6
2021-07-24 10:52:55,710::webdriver::DEBUG::findind elements...
2021-07-24 10:52:55,717::webdriver::DEBUG::0 elements found
2021-07-24 10:52:55,717::scraper::DEBUG::0 elements found
2021-07-24 10:52:55,717::scraper::DEBUG::looping through elements...
2021-07-24 10:52:55,717::database::DEBUG::changes commited
2021-07-24 10:52:55,718::webdriver::DEBUG::clicking next page
2021-07-24 10:53:05,949::scraper::WARNING::no next page, trying again...
2021-07-24 10:53:05,950::scraper::DEBUG::page 7
2021-07-24 10:53:05,950::webdriver::DEBUG::findind elements...
2021-07-24 10:53:05,958::webdriver::DEBUG::0 elements found
2021-07-24 10:53:05,958::scraper::DEBUG::0 elements found
2021-07-24 10:53:05,958::scraper::DEBUG::looping through elements...
2021-07-24 10:53:05,959::database::DEBUG::changes commited
2021-07-24 10:53:05,959::webdriver::DEBUG::clicking next page
2021-07-24 10:53:16,162::scraper::WARNING::no next page, trying again...
2021-07-24 10:53:16,162::scraper::DEBUG::page 8
2021-07-24 10:53:16,163::webdriver::DEBUG::findind elements...
2021-07-24 10:53:16,187::webdriver::DEBUG::0 elements found
2021-07-24 10:53:16,188::scraper::DEBUG::0 elements found
2021-07-24 10:53:16,188::scraper::DEBUG::looping through elements...
2021-07-24 10:53:16,189::database::DEBUG::changes commited
2021-07-24 10:53:16,190::webdriver::DEBUG::clicking next page
2021-07-24 10:53:26,427::scraper::WARNING::no next page, trying again...
2021-07-24 10:53:26,428::scraper::DEBUG::page 9
2021-07-24 10:53:26,428::webdriver::DEBUG::findind elements...
2021-07-24 10:53:26,446::webdriver::DEBUG::0 elements found
2021-07-24 10:53:26,446::scraper::DEBUG::0 elements found
2021-07-24 10:53:26,446::scraper::DEBUG::looping through elements...
2021-07-24 10:53:26,446::database::DEBUG::changes commited
2021-07-24 10:53:26,446::webdriver::DEBUG::clicking next page
2021-07-24 10:53:36,664::scraper::WARNING::no next page, trying again...
2021-07-24 10:53:36,664::scraper::DEBUG::page 10
2021-07-24 10:53:36,664::webdriver::DEBUG::findind elements...
2021-07-24 10:53:36,676::webdriver::DEBUG::0 elements found
2021-07-24 10:53:36,676::scraper::DEBUG::0 elements found
2021-07-24 10:53:36,677::scraper::DEBUG::looping through elements...
2021-07-24 10:53:36,677::database::DEBUG::changes commited
2021-07-24 10:53:36,677::webdriver::DEBUG::clicking next page
2021-07-24 10:53:46,929::scraper::WARNING::no next page, trying again...
2021-07-24 10:53:46,929::scraper::DEBUG::page 11
2021-07-24 10:53:46,929::webdriver::DEBUG::findind elements...
2021-07-24 10:53:46,949::webdriver::DEBUG::0 elements found
2021-07-24 10:53:46,949::scraper::DEBUG::0 elements found
2021-07-24 10:53:46,950::scraper::DEBUG::looping through elements...
2021-07-24 10:53:46,950::database::DEBUG::changes commited
2021-07-24 10:53:46,950::webdriver::DEBUG::clicking next page
2021-07-24 10:53:57,195::scraper::WARNING::no next page, trying again...
2021-07-24 10:53:57,195::scraper::DEBUG::page 12
2021-07-24 10:53:57,196::webdriver::DEBUG::findind elements...
2021-07-24 10:53:57,213::webdriver::DEBUG::0 elements found
2021-07-24 10:53:57,213::scraper::DEBUG::0 elements found
2021-07-24 10:53:57,213::scraper::DEBUG::looping through elements...
2021-07-24 10:53:57,213::database::DEBUG::changes commited
2021-07-24 10:53:57,213::webdriver::DEBUG::clicking next page
2021-07-24 10:54:07,439::scraper::WARNING::no next page, trying again...
2021-07-24 10:54:07,440::scraper::DEBUG::page 13
2021-07-24 10:54:07,440::webdriver::DEBUG::findind elements...
2021-07-24 10:54:07,460::webdriver::DEBUG::0 elements found
2021-07-24 10:54:07,460::scraper::DEBUG::0 elements found
2021-07-24 10:54:07,461::scraper::DEBUG::looping through elements...
2021-07-24 10:54:07,461::database::DEBUG::changes commited
2021-07-24 10:54:07,461::webdriver::DEBUG::clicking next page
2021-07-24 10:54:17,693::scraper::WARNING::no next page, trying again...
2021-07-24 10:54:17,693::scraper::DEBUG::page 14
2021-07-24 10:54:17,693::webdriver::DEBUG::findind elements...
2021-07-24 10:54:17,725::webdriver::DEBUG::0 elements found
2021-07-24 10:54:17,726::scraper::DEBUG::0 elements found
2021-07-24 10:54:17,726::scraper::DEBUG::looping through elements...
2021-07-24 10:54:17,726::database::DEBUG::changes commited
2021-07-24 10:54:17,726::webdriver::DEBUG::clicking next page
2021-07-24 10:54:27,941::scraper::WARNING::no next page, trying again...
2021-07-24 10:54:27,941::scraper::DEBUG::page 15
2021-07-24 10:54:27,941::webdriver::DEBUG::findind elements...
2021-07-24 10:54:27,958::webdriver::DEBUG::0 elements found
2021-07-24 10:54:27,959::scraper::DEBUG::0 elements found
2021-07-24 10:54:27,959::scraper::DEBUG::looping through elements...
2021-07-24 10:54:27,959::database::DEBUG::changes commited
2021-07-24 10:54:27,959::webdriver::DEBUG::clicking next page
2021-07-24 10:54:38,165::scraper::WARNING::no next page, trying again...
2021-07-24 10:54:38,165::scraper::DEBUG::page 16
2021-07-24 10:54:38,165::webdriver::DEBUG::findind elements...
2021-07-24 10:54:38,180::webdriver::DEBUG::0 elements found
2021-07-24 10:54:38,180::scraper::DEBUG::0 elements found
2021-07-24 10:54:38,180::scraper::DEBUG::looping through elements...
2021-07-24 10:54:38,180::database::DEBUG::changes commited
2021-07-24 10:54:38,180::webdriver::DEBUG::clicking next page
2021-07-24 10:54:48,440::scraper::WARNING::no next page, trying again...
2021-07-24 10:54:48,440::scraper::DEBUG::page 17
2021-07-24 10:54:48,441::webdriver::DEBUG::findind elements...
2021-07-24 10:54:48,455::webdriver::DEBUG::0 elements found
2021-07-24 10:54:48,456::scraper::DEBUG::0 elements found
2021-07-24 10:54:48,456::scraper::DEBUG::looping through elements...
2021-07-24 10:54:48,456::database::DEBUG::changes commited
2021-07-24 10:54:48,456::webdriver::DEBUG::clicking next page
2021-07-24 10:54:58,687::scraper::WARNING::no next page, trying again...
2021-07-24 10:54:58,687::scraper::DEBUG::page 18
2021-07-24 10:54:58,687::webdriver::DEBUG::findind elements...
2021-07-24 10:54:58,704::webdriver::DEBUG::0 elements found
2021-07-24 10:54:58,705::scraper::DEBUG::0 elements found
2021-07-24 10:54:58,705::scraper::DEBUG::looping through elements...
2021-07-24 10:54:58,706::database::DEBUG::changes commited
2021-07-24 10:54:58,706::webdriver::DEBUG::clicking next page
2021-07-24 10:55:03,949::scraper::WARNING::no next page, trying again...
2021-07-24 10:55:03,950::scraper::DEBUG::page 19
2021-07-24 10:55:03,951::webdriver::DEBUG::findind elements...
