2021-07-27 22:35:12,831::scraper::DEBUG::logger configured
2021-07-27 22:35:12,832::database::DEBUG::logger configured
2021-07-27 22:35:12,835::database::DEBUG::news.db.db connection open
2021-07-27 22:35:12,840::database::DEBUG::uol table dropped
2021-07-27 22:35:12,846::database::DEBUG::uol table created
2021-07-27 22:35:12,847::webdriver::DEBUG::logger configured
2021-07-27 22:35:12,847::webdriver::DEBUG::opening connection...
2021-07-27 22:35:16,610::webdriver::DEBUG::connection open
2021-07-27 22:35:16,610::webdriver::DEBUG::getting page https://noticias.uol.com.br/politica/...
2021-07-27 22:35:22,815::webdriver::DEBUG::page received
2021-07-27 22:35:22,816::scraper::DEBUG::page 1, 1 try
2021-07-27 22:35:22,816::webdriver::DEBUG::findind elements...
2021-07-27 22:35:22,897::webdriver::DEBUG::43 elements found
2021-07-27 22:35:22,898::scraper::DEBUG::looping through elements...
2021-07-27 22:35:22,962::database::DEBUG::(27/07/2021 18h49|'É bastante esquisita a história dela', diz Bolson)
2021-07-27 22:35:23,035::database::DEBUG::(27/07/2021 18h46|Polícia Legislativa não identifica entrada de susp)
2021-07-27 22:35:23,144::database::DEBUG::(3:03|Bolsonaro está governando no modo sobrevivência, d)
2021-07-27 22:35:23,177::database::DEBUG::(27/07/2021 18h15|Bolsonaro rebate provocação de Lula: 'Crítica é um)
2021-07-27 22:35:23,201::database::DEBUG::(27/07/2021 17h53|TRE-RJ fará live para comprovar que 'urnas são aud)
2021-07-27 22:35:23,243::database::DEBUG::(27/07/2021 17h51|Polícia Legislativa diz que Joice não saiu de casa)
2021-07-27 22:35:23,308::database::DEBUG::(27/07/2021 17h01|Novo chefe da Casa Civil, Ciro Nogueira responde a)
2021-07-27 22:35:23,450::database::DEBUG::(27/07/2021 16h51|Gilmar Mendes pede posição da PGR sobre ameaças de)
2021-07-27 22:35:23,493::database::DEBUG::(27/07/2021 16h37|Ala fisiológica no governo substitui a ideológica )
2021-07-27 22:35:23,514::database::DEBUG::(27/07/2021 16h23|Rosa Weber mantém quebra de sigilo de assessor de )
2021-07-27 22:35:23,534::database::DEBUG::(27/07/2021 15h52|Não terei mesmo destino de PC Farias, diz Joice ap)
2021-07-27 22:35:23,579::database::DEBUG::(27/07/2021 15h35|'A democracia no Brasil nasceu na UTI', diz Leandr)
2021-07-27 22:35:23,614::database::DEBUG::(27/07/2021 14h58|Bolsonarismo manchou o conservadorismo, diz Felipe)
2021-07-27 22:35:23,658::database::DEBUG::(2:39|Felipe Moura Brasil: "Não 'passo pano' para rachad)
2021-07-27 22:35:23,669::database::DEBUG::(5:40|Felipe Moura Brasil: "Bolsonarismo ajudou a mancha)
2021-07-27 22:35:23,701::database::DEBUG::(2:58|Felipe Moura Brasil defende impeachment de Bolsona)
2021-07-27 22:35:23,725::database::DEBUG::(27/07/2021 14h25|Dono da Precisa movimentou 80 vezes mais do que de)
2021-07-27 22:35:23,778::database::DEBUG::(27/07/2021 14h02|Leitores comentam o estrago que Bolsonaro faz na i)
2021-07-27 22:35:23,816::database::DEBUG::(27/07/2021 13h57|Polícia realiza perícia em câmeras do prédio de Jo)
2021-07-27 22:35:23,876::database::DEBUG::(27/07/2021 13h40|'Negacionismo que custa vidas é falta de caráter',)
2021-07-27 22:35:23,895::database::DEBUG::(27/07/2021 13h26|Casado com centrão por interesse, Bolsonaro sabe q)
2021-07-27 22:35:23,932::database::DEBUG::(27/07/2021 13h13|Bolsonaro veta PL de remédio oral contra câncer: ')
2021-07-27 22:35:23,951::database::DEBUG::(27/07/2021 12h59|Se fosse Bolsonaro, já teria fechado o Supremo, di)
2021-07-27 22:35:23,979::database::DEBUG::(27/07/2021 12h17|Bolsonaro diz que apresentará provas de fraude nas)
2021-07-27 22:35:24,008::database::DEBUG::(27/07/2021 12h11|Mayra Pinheiro diz que pedirá indenização por dano)
2021-07-27 22:35:24,032::database::DEBUG::(27/07/2021 11h37|Lula provoca Bolsonaro: 'Nova política é ficar ref)
2021-07-27 22:35:24,043::database::DEBUG::(27/07/2021 11h20|Roberto Jefferson diz que Justiça Eleitoral é 'cab)
2021-07-27 22:35:24,053::database::DEBUG::(27/07/2021 11h05|Como o jeitoso Ciro Nogueira convenceu Bolsonaro a)
2021-07-27 22:35:24,068::database::DEBUG::(27/07/2021 10h53|Depois de mensagens críticas, Queiroz volta a elog)
2021-07-27 22:35:24,076::database::DEBUG::(27/07/2021 10h40|Mourão evita responder crítica feita por Bolsonaro)
2021-07-27 22:35:24,085::database::DEBUG::(27/07/2021 10h36|Bolsonaro foi pressionado a não dar superpoderes a)
2021-07-27 22:35:24,096::database::DEBUG::(27/07/2021 09h52|Carla: 'Operação' quer convencer Bolsonaro a não c)
2021-07-27 22:35:24,109::database::DEBUG::(27/07/2021 09h40|Ciro Nogueira aceita convite de Bolsonaro para che)
2021-07-27 22:35:24,118::database::DEBUG::(27/07/2021 08h54|Jornal francês publica perfil e diz que passado co)
2021-07-27 22:35:24,129::database::DEBUG::(27/07/2021 08h29|Deputada denuncia senador que debochou de mulher a)
2021-07-27 22:35:24,143::database::DEBUG::(27/07/2021 07h39|Bolsonaro explica em entrevista por que não poderá)
2021-07-27 22:35:24,152::database::DEBUG::(27/07/2021 05h26|Partido Militar tenta barrar centrão na Casa Civil)
2021-07-27 22:35:24,160::database::DEBUG::(27/07/2021 04h00|Bolsonaro deve repetir perdão a policiais condenad)
2021-07-27 22:35:24,168::database::DEBUG::(27/07/2021 04h00|O que aconteceu ao trabalhador em 2,5 anos sem o M)
2021-07-27 22:35:24,179::database::DEBUG::(27/07/2021 03h18|A vacina salvadora é a "U". Incompetência, não só )
2021-07-27 22:35:24,186::database::DEBUG::(26/07/2021 23h42|Prefeito de São Paulo diz que B.O. por violência c)
2021-07-27 22:35:24,194::database::DEBUG::(26/07/2021 22h26|O que se sabe até agora sobre incidente com a depu)
2021-07-27 22:35:24,201::database::DEBUG::(26/07/2021 21h44|O É DA COISA: Canalhas aplaudem quem queima homens)
2021-07-27 22:35:24,208::database::DEBUG::changes commited
2021-07-27 22:35:24,208::webdriver::DEBUG::clicking next page
2021-07-27 22:35:24,407::webdriver::DEBUG::next page clicked
2021-07-27 22:35:24,907::scraper::DEBUG::page 2, 1 try
2021-07-27 22:35:24,908::webdriver::DEBUG::findind elements...
2021-07-27 22:35:24,921::webdriver::DEBUG::85 elements found
2021-07-27 22:35:24,921::scraper::DEBUG::looping through elements...
2021-07-27 22:35:24,941::database::DEBUG::(26/07/2021 19h46|Bolsonarismo escancara nacionalismo branco com ult)
2021-07-27 22:35:24,951::database::DEBUG::(3:59|Queiroz posta foto com Bolsonaro, reclama de aband)
2021-07-27 22:35:24,960::database::DEBUG::(4:37|Encontro de Bolsonaro e vice-líder de extrema-dire)
2021-07-27 22:35:24,968::database::DEBUG::(26/07/2021 19h19|Bolsonaro fala agora em 'possibilidade' de Ciro No)
2021-07-27 22:35:24,976::database::DEBUG::(26/07/2021 19h14|'Estava revoltada': Luiza Erundina conta como libe)
2021-07-27 22:35:24,984::database::DEBUG::(1:28|Bolsonaro: "Mourão atrapalha, mas vice é como cunh)
2021-07-27 22:35:24,994::database::DEBUG::(5:39|Pegasus viola direito à privacidade e pode ter uso)
2021-07-27 22:35:25,002::database::DEBUG::(26/07/2021 18h33|'Mourão atrapalha, mas vice é como cunhado: tem qu)
2021-07-27 22:35:25,009::database::DEBUG::(1:11|Joice Hasselmann entrega objeto 'estranho' encontr)
2021-07-27 22:35:25,016::database::DEBUG::(26/07/2021 17h41| Justificam a queima de homens e acham barbaridade)
2021-07-27 22:35:25,030::database::DEBUG::(26/07/2021 17h15|Joice registra ocorrência contra senador: 'Não ten)
2021-07-27 22:35:25,043::database::DEBUG::(26/07/2021 16h57|TCU aponta 'hesitação' e 'omissão' do governo no c)
2021-07-27 22:35:25,051::database::DEBUG::(26/07/2021 16h48|Joice presta depoimento e entrega objeto 'estranho)
2021-07-27 22:35:25,058::database::DEBUG::(26/07/2021 16h20|Doria critica 'falta de gestão' do Ministério da S)
2021-07-27 22:35:25,065::database::DEBUG::(0:00|Bolsonaro muda discurso sobre fundo eleitoral: ?Va)
2021-07-27 22:35:25,077::database::DEBUG::(26/07/2021 15h40|Partido alemão que se encontrou com Bolsonaro só é)
2021-07-27 22:35:25,084::database::DEBUG::(26/07/2021 15h37|Bolsonaro: Veto a Fundão é só para valores que exc)
2021-07-27 22:35:25,091::database::DEBUG::(26/07/2021 15h32|Bolsonaro abraça deputada do partido dos neonazist)
2021-07-27 22:35:25,098::database::DEBUG::(26/07/2021 15h08|500 dias de pandemia, 550 mil mortos: faltam 525 d)
2021-07-27 22:35:25,108::database::DEBUG::(26/07/2021 14h20|Entidade israelita repudia reunião de Bolsonaro e )
2021-07-27 22:35:25,116::database::DEBUG::(26/07/2021 14h01|Bolsonaro repete que vai vetar "excesso" de fundo )
2021-07-27 22:35:25,124::database::DEBUG::(26/07/2021 14h00|Rosa Weber dá 10 dias para Congresso explicar vota)
2021-07-27 22:35:25,131::database::DEBUG::(26/07/2021 13h49|Governador do DF é internado após indisposição, e )
2021-07-27 22:35:25,142::database::DEBUG::(26/07/2021 13h09|Máscara começa a cair, diz Ramos após Bolsonaro mu)
2021-07-27 22:35:25,151::database::DEBUG::(26/07/2021 13h03|Por voto evangélico, Bolsonaro prega luta entre o )
2021-07-27 22:35:25,160::database::DEBUG::(26/07/2021 12h52|CPI volta na próxima semana focada em investigação)
2021-07-27 22:35:25,168::database::DEBUG::(26/07/2021 12h41|Postagem de Queiroz foi recado; ex-assessor de Flá)
2021-07-27 22:35:25,174::database::DEBUG::(26/07/2021 12h08|Bolsonaro diz que apresentará provas de fraudes na)
2021-07-27 22:35:25,181::database::DEBUG::(26/07/2021 10h59|Bolsonaro posa para foto com vice-líder da extrema)
2021-07-27 22:35:25,191::database::DEBUG::(26/07/2021 10h52|Voo do senador Ciro Nogueira tem problemas e reuni)
2021-07-27 22:35:25,197::database::DEBUG::(26/07/2021 10h08|Ideia de dar medalha a meu filho não foi minha, di)
2021-07-27 22:35:25,204::database::DEBUG::(26/07/2021 09h29|Esquerda tem chance real de encerrar hegemonia tuc)
2021-07-27 22:35:25,210::database::DEBUG::(26/07/2021 09h08|Incendiar a democracia é bem mais grave do que inc)
2021-07-27 22:35:25,216::database::DEBUG::(26/07/2021 08h09|Tabata Amaral tenta atrair direita para 'protesto )
2021-07-27 22:35:25,226::database::DEBUG::(26/07/2021 07h34|Lava Jato negociou programa espião Pegasus com emp)
2021-07-27 22:35:25,233::database::DEBUG::(26/07/2021 04h00|Quem representa a diplomacia brasileira?)
2021-07-27 22:35:25,242::database::DEBUG::(26/07/2021 04h00|Dominghetti elogiou Dias logo após jantar de supos)
2021-07-27 22:35:25,251::database::DEBUG::(26/07/2021 04h00|Governo Bolsonaro quer fechar associações de milit)
2021-07-27 22:35:25,262::database::DEBUG::(25/07/2021 20h40|Joice diz não ter procurado a PF por 'temer interf)
2021-07-27 22:35:25,268::database::DEBUG::(25/07/2021 19h05|Pós-eleição de Bolsonaro, verba do instituto do PS)
2021-07-27 22:35:25,284::database::DEBUG::(25/07/2021 19h02|Partidos ampliam repasse de verba a fundações, que)
2021-07-27 22:35:25,297::database::DEBUG::(25/07/2021 17h34|CPI da Covid irá ouvir plataformas por causa de fa)
2021-07-27 22:35:25,305::database::DEBUG::changes commited
2021-07-27 22:35:25,305::webdriver::DEBUG::clicking next page
2021-07-27 22:35:25,384::webdriver::DEBUG::next page clicked
2021-07-27 22:35:25,885::scraper::DEBUG::page 3, 1 try
2021-07-27 22:35:25,885::webdriver::DEBUG::findind elements...
2021-07-27 22:35:25,902::webdriver::DEBUG::128 elements found
2021-07-27 22:35:25,902::scraper::DEBUG::looping through elements...
2021-07-27 22:35:25,911::database::DEBUG::(27/07/2021 18h49|'É bastante esquisita a história dela', diz Bolson)
2021-07-27 22:35:25,927::database::DEBUG::(27/07/2021 18h46|Polícia Legislativa não identifica entrada de susp)
2021-07-27 22:35:25,933::database::DEBUG::(3:03|Bolsonaro está governando no modo sobrevivência, d)
2021-07-27 22:35:25,950::database::DEBUG::(27/07/2021 18h15|Bolsonaro rebate provocação de Lula: 'Crítica é um)
2021-07-27 22:35:25,957::database::DEBUG::(27/07/2021 17h53|TRE-RJ fará live para comprovar que 'urnas são aud)
2021-07-27 22:35:25,965::database::DEBUG::(27/07/2021 17h51|Polícia Legislativa diz que Joice não saiu de casa)
2021-07-27 22:35:26,022::database::DEBUG::(27/07/2021 17h01|Novo chefe da Casa Civil, Ciro Nogueira responde a)
2021-07-27 22:35:26,045::database::DEBUG::(27/07/2021 16h51|Gilmar Mendes pede posição da PGR sobre ameaças de)
2021-07-27 22:35:26,076::database::DEBUG::(27/07/2021 16h37|Ala fisiológica no governo substitui a ideológica )
2021-07-27 22:35:26,121::database::DEBUG::(27/07/2021 16h23|Rosa Weber mantém quebra de sigilo de assessor de )
2021-07-27 22:35:26,135::database::DEBUG::(27/07/2021 15h52|Não terei mesmo destino de PC Farias, diz Joice ap)
2021-07-27 22:35:26,144::database::DEBUG::(27/07/2021 15h35|'A democracia no Brasil nasceu na UTI', diz Leandr)
2021-07-27 22:35:26,151::database::DEBUG::(27/07/2021 14h58|Bolsonarismo manchou o conservadorismo, diz Felipe)
2021-07-27 22:35:26,164::database::DEBUG::(2:39|Felipe Moura Brasil: "Não 'passo pano' para rachad)
2021-07-27 22:35:26,172::database::DEBUG::(5:40|Felipe Moura Brasil: "Bolsonarismo ajudou a mancha)
2021-07-27 22:35:26,180::database::DEBUG::(2:58|Felipe Moura Brasil defende impeachment de Bolsona)
2021-07-27 22:35:26,186::database::DEBUG::(27/07/2021 14h25|Dono da Precisa movimentou 80 vezes mais do que de)
2021-07-27 22:35:26,194::database::DEBUG::(27/07/2021 14h02|Leitores comentam o estrago que Bolsonaro faz na i)
2021-07-27 22:35:26,200::database::DEBUG::(27/07/2021 13h57|Polícia realiza perícia em câmeras do prédio de Jo)
2021-07-27 22:35:26,209::database::DEBUG::(27/07/2021 13h40|'Negacionismo que custa vidas é falta de caráter',)
2021-07-27 22:35:26,215::database::DEBUG::(27/07/2021 13h26|Casado com centrão por interesse, Bolsonaro sabe q)
2021-07-27 22:35:26,222::database::DEBUG::(27/07/2021 13h13|Bolsonaro veta PL de remédio oral contra câncer: ')
2021-07-27 22:35:26,228::database::DEBUG::(27/07/2021 12h59|Se fosse Bolsonaro, já teria fechado o Supremo, di)
2021-07-27 22:35:26,235::database::DEBUG::(27/07/2021 12h17|Bolsonaro diz que apresentará provas de fraude nas)
2021-07-27 22:35:26,244::database::DEBUG::(27/07/2021 12h11|Mayra Pinheiro diz que pedirá indenização por dano)
2021-07-27 22:35:26,253::database::DEBUG::(27/07/2021 11h37|Lula provoca Bolsonaro: 'Nova política é ficar ref)
2021-07-27 22:35:26,265::database::DEBUG::(27/07/2021 11h20|Roberto Jefferson diz que Justiça Eleitoral é 'cab)
2021-07-27 22:35:26,275::database::DEBUG::(27/07/2021 11h05|Como o jeitoso Ciro Nogueira convenceu Bolsonaro a)
2021-07-27 22:35:26,282::database::DEBUG::(27/07/2021 10h53|Depois de mensagens críticas, Queiroz volta a elog)
2021-07-27 22:35:26,289::database::DEBUG::(27/07/2021 10h40|Mourão evita responder crítica feita por Bolsonaro)
2021-07-27 22:35:26,295::database::DEBUG::(27/07/2021 10h36|Bolsonaro foi pressionado a não dar superpoderes a)
2021-07-27 22:35:26,301::database::DEBUG::(27/07/2021 09h52|Carla: 'Operação' quer convencer Bolsonaro a não c)
2021-07-27 22:35:26,309::database::DEBUG::(27/07/2021 09h40|Ciro Nogueira aceita convite de Bolsonaro para che)
2021-07-27 22:35:26,316::database::DEBUG::(27/07/2021 08h54|Jornal francês publica perfil e diz que passado co)
2021-07-27 22:35:26,322::database::DEBUG::(27/07/2021 08h29|Deputada denuncia senador que debochou de mulher a)
2021-07-27 22:35:26,330::database::DEBUG::(25/07/2021 14h38|Queiroz reclama de abandono de ex-aliados em foto:)
2021-07-27 22:35:26,341::database::DEBUG::(25/07/2021 13h51|Joice entregou à polícia nomes de quem suspeita te)
2021-07-27 22:35:26,347::database::DEBUG::(25/07/2021 13h16|"Centrão está no comando", diz Kajuru sobre govern)
2021-07-27 22:35:26,358::database::DEBUG::(25/07/2021 11h40|O país em que a terceira via parece valer mais que)
2021-07-27 22:35:26,366::database::DEBUG::(25/07/2021 07h40|Disputa por fundo eleitoral ameaça candidaturas à )
2021-07-27 22:35:26,374::database::DEBUG::(25/07/2021 07h39|Adotado em Portugal e França, semipresidencialismo)
2021-07-27 22:35:26,380::database::DEBUG::(25/07/2021 04h00|Bolsonaro reabilita Ciro Nogueira da sua relação e)
2021-07-27 22:35:26,387::database::DEBUG::(25/07/2021 04h00|Ameaças sobre 2022 ampliarão isolamento político e)
2021-07-27 22:35:26,394::database::DEBUG::(25/07/2021 04h00|Banida desde 2015, doação eleitoral de empresas vo)
2021-07-27 22:35:26,402::database::DEBUG::(24/07/2021 22h15|Bolsonaro matou meu marido: viúvas relembram vítim)
2021-07-27 22:35:26,408::database::DEBUG::(24/07/2021 20h56|'Se eu perder o apoio popular, acabou', diz Bolson)
2021-07-27 22:35:26,415::database::DEBUG::(1:05|Manifestantes fecham Avenida Paulista em ato contr)
2021-07-27 22:35:26,426::database::DEBUG::(24/07/2021 19h27|Em dia de protestos, Jair se humilha ao carregar g)
2021-07-27 22:35:26,433::database::DEBUG::(24/07/2021 19h13|'Se eu estivesse coordenando a pandemia, menos pes)
2021-07-27 22:35:26,440::database::DEBUG::(24/07/2021 18h57|PM lança bombas de gás em ato contra Bolsonaro em )
2021-07-27 22:35:26,446::database::DEBUG::(24/07/2021 17h56|Suplicy participa de ato pela 1ª vez após pandemia)
2021-07-27 22:35:26,453::database::DEBUG::(24/07/2021 17h43|Alvo de novos protestos, Bolsonaro volta a ameaçar)
2021-07-27 22:35:26,464::database::DEBUG::(1:48|Protestos no Rio de Janeiro pelo impeachment de Bo)
2021-07-27 22:35:26,475::database::DEBUG::(24/07/2021 16h32|Protestos nas capitais do Sul têm máscaras de jaca)
2021-07-27 22:35:26,495::database::DEBUG::(24/07/2021 15h50|Ato contra Bolsonaro e pró-vacina fecha Paulista e)
2021-07-27 22:35:26,502::database::DEBUG::(24/07/2021 15h29|Londres, Barcelona, Viena: atos contra Bolsonaro o)
2021-07-27 22:35:26,512::database::DEBUG::(3:14|Cidades têm manifestações contra presidente Jair B)
2021-07-27 22:35:26,519::database::DEBUG::(24/07/2021 15h00|Manifestantes protestam no centro do Rio contra o )
2021-07-27 22:35:26,528::database::DEBUG::(24/07/2021 14h21|Quarto de Joice Hasselmann não tinha sinais de lut)
2021-07-27 22:35:26,535::database::DEBUG::(24/07/2021 12h52|Bolsonaro passeia de moto com Braga Netto e, sem m)
2021-07-27 22:35:26,546::database::DEBUG::(24/07/2021 12h09|Capitais registram novos protestos contra Bolsonar)
2021-07-27 22:35:26,553::database::DEBUG::(24/07/2021 12h04|Militar da Funai libera obra em terra indígena que)
2021-07-27 22:35:26,560::database::DEBUG::(24/07/2021 10h32|Contra extorsão bolsonarista, ruas devem encarnar )
2021-07-27 22:35:26,568::database::DEBUG::(24/07/2021 08h40|O que cidades que já vivem racionamento revelam so)
2021-07-27 22:35:26,577::database::DEBUG::(24/07/2021 08h20|Joice Hasselmann denuncia ferimentos ao Ministério)
2021-07-27 22:35:26,583::database::DEBUG::(24/07/2021 04h00|Mudança polêmica em preservativos gerou ganho de R)
2021-07-27 22:35:26,610::database::DEBUG::(24/07/2021 04h00|Manifestantes fazem atos contra Bolsonaro e pró-va)
2021-07-27 22:35:26,618::database::DEBUG::(24/07/2021 03h00|'Preciso salvar o governo', disse Bolsonaro ao esc)
2021-07-27 22:35:26,625::database::DEBUG::(23/07/2021 22h54|Governo federal proíbe exportação de agulhas, seri)
2021-07-27 22:35:26,632::database::DEBUG::(23/07/2021 20h52|Protestos contra Bolsonaro: quem são os principais)
2021-07-27 22:35:26,641::database::DEBUG::(23/07/2021 20h40|'Bolsonaro ameaça a ordem democrática', afirma dep)
2021-07-27 22:35:26,647::database::DEBUG::(23/07/2021 20h27|O É DA COISA: Como um presidente ruim fez um país )
2021-07-27 22:35:26,654::database::DEBUG::(23/07/2021 19h52|Fragmento de arroz não é 'resto' e venda é anterio)
2021-07-27 22:35:26,663::database::DEBUG::(23/07/2021 19h42|Moro e Doria são meus candidatos do coração, diz J)
2021-07-27 22:35:26,673::database::DEBUG::(3:29|Joice Hasselmann sobre 2022: "Moro é o nome do meu)
2021-07-27 22:35:26,680::database::DEBUG::(23/07/2021 19h29|É falso que áudio mostre Luana Piovani defendendo )
2021-07-27 22:35:26,687::database::DEBUG::(2:49|Joice Hasselmann: "Tenho minhas suspeitas e disse )
2021-07-27 22:35:26,695::database::DEBUG::(23/07/2021 19h13|Estou em busca de respostas, diz Joice após ferime)
2021-07-27 22:35:26,702::database::DEBUG::changes commited
2021-07-27 22:35:26,702::webdriver::DEBUG::clicking next page
2021-07-27 22:35:26,817::webdriver::DEBUG::next page clicked
2021-07-27 22:35:27,318::scraper::DEBUG::page 4, 1 try
2021-07-27 22:35:27,318::webdriver::DEBUG::findind elements...
2021-07-27 22:35:27,344::webdriver::DEBUG::170 elements found
2021-07-27 22:35:27,344::scraper::DEBUG::looping through elements...
2021-07-27 22:35:27,385::database::DEBUG::(27/07/2021 18h49|'É bastante esquisita a história dela', diz Bolson)
2021-07-27 22:35:27,396::database::DEBUG::(27/07/2021 18h46|Polícia Legislativa não identifica entrada de susp)
2021-07-27 22:35:27,405::database::DEBUG::(3:03|Bolsonaro está governando no modo sobrevivência, d)
2021-07-27 22:35:27,413::database::DEBUG::(27/07/2021 18h15|Bolsonaro rebate provocação de Lula: 'Crítica é um)
2021-07-27 22:35:27,419::database::DEBUG::(27/07/2021 17h53|TRE-RJ fará live para comprovar que 'urnas são aud)
2021-07-27 22:35:27,454::database::DEBUG::(27/07/2021 17h51|Polícia Legislativa diz que Joice não saiu de casa)
2021-07-27 22:35:27,462::database::DEBUG::(27/07/2021 17h01|Novo chefe da Casa Civil, Ciro Nogueira responde a)
2021-07-27 22:35:27,472::database::DEBUG::(27/07/2021 16h51|Gilmar Mendes pede posição da PGR sobre ameaças de)
2021-07-27 22:35:27,481::database::DEBUG::(27/07/2021 16h37|Ala fisiológica no governo substitui a ideológica )
2021-07-27 22:35:27,491::database::DEBUG::(27/07/2021 16h23|Rosa Weber mantém quebra de sigilo de assessor de )
2021-07-27 22:35:27,499::database::DEBUG::(27/07/2021 15h52|Não terei mesmo destino de PC Farias, diz Joice ap)
2021-07-27 22:35:27,512::database::DEBUG::(27/07/2021 15h35|'A democracia no Brasil nasceu na UTI', diz Leandr)
2021-07-27 22:35:27,519::database::DEBUG::(27/07/2021 14h58|Bolsonarismo manchou o conservadorismo, diz Felipe)
2021-07-27 22:35:27,528::database::DEBUG::(2:39|Felipe Moura Brasil: "Não 'passo pano' para rachad)
2021-07-27 22:35:27,535::database::DEBUG::(5:40|Felipe Moura Brasil: "Bolsonarismo ajudou a mancha)
2021-07-27 22:35:27,545::database::DEBUG::(2:58|Felipe Moura Brasil defende impeachment de Bolsona)
2021-07-27 22:35:27,551::database::DEBUG::(27/07/2021 14h25|Dono da Precisa movimentou 80 vezes mais do que de)
2021-07-27 22:35:27,558::database::DEBUG::(27/07/2021 14h02|Leitores comentam o estrago que Bolsonaro faz na i)
2021-07-27 22:35:27,564::database::DEBUG::(27/07/2021 13h57|Polícia realiza perícia em câmeras do prédio de Jo)
2021-07-27 22:35:27,575::database::DEBUG::(27/07/2021 13h40|'Negacionismo que custa vidas é falta de caráter',)
2021-07-27 22:35:27,582::database::DEBUG::(27/07/2021 13h26|Casado com centrão por interesse, Bolsonaro sabe q)
2021-07-27 22:35:27,595::database::DEBUG::(27/07/2021 13h13|Bolsonaro veta PL de remédio oral contra câncer: ')
2021-07-27 22:35:27,602::database::DEBUG::(27/07/2021 12h59|Se fosse Bolsonaro, já teria fechado o Supremo, di)
2021-07-27 22:35:27,609::database::DEBUG::(27/07/2021 12h17|Bolsonaro diz que apresentará provas de fraude nas)
2021-07-27 22:35:27,665::database::DEBUG::(27/07/2021 12h11|Mayra Pinheiro diz que pedirá indenização por dano)
2021-07-27 22:35:27,673::database::DEBUG::(27/07/2021 11h37|Lula provoca Bolsonaro: 'Nova política é ficar ref)
2021-07-27 22:35:27,679::database::DEBUG::(27/07/2021 11h20|Roberto Jefferson diz que Justiça Eleitoral é 'cab)
2021-07-27 22:35:27,685::database::DEBUG::(27/07/2021 11h05|Como o jeitoso Ciro Nogueira convenceu Bolsonaro a)
2021-07-27 22:35:27,697::database::DEBUG::(27/07/2021 07h39|Bolsonaro explica em entrevista por que não poderá)
2021-07-27 22:35:27,705::database::DEBUG::(27/07/2021 05h26|Partido Militar tenta barrar centrão na Casa Civil)
2021-07-27 22:35:27,711::database::DEBUG::(27/07/2021 04h00|Bolsonaro deve repetir perdão a policiais condenad)
2021-07-27 22:35:27,718::database::DEBUG::(27/07/2021 04h00|O que aconteceu ao trabalhador em 2,5 anos sem o M)
2021-07-27 22:35:27,727::database::DEBUG::(27/07/2021 03h18|A vacina salvadora é a "U". Incompetência, não só )
2021-07-27 22:35:27,734::database::DEBUG::(26/07/2021 23h42|Prefeito de São Paulo diz que B.O. por violência c)
2021-07-27 22:35:27,745::database::DEBUG::(26/07/2021 22h26|O que se sabe até agora sobre incidente com a depu)
2021-07-27 22:35:27,751::database::DEBUG::(26/07/2021 21h44|O É DA COISA: Canalhas aplaudem quem queima homens)
2021-07-27 22:35:27,757::database::DEBUG::(26/07/2021 19h46|Bolsonarismo escancara nacionalismo branco com ult)
2021-07-27 22:35:27,764::database::DEBUG::(3:59|Queiroz posta foto com Bolsonaro, reclama de aband)
2021-07-27 22:35:27,770::database::DEBUG::(4:37|Encontro de Bolsonaro e vice-líder de extrema-dire)
2021-07-27 22:35:27,778::database::DEBUG::(26/07/2021 19h19|Bolsonaro fala agora em 'possibilidade' de Ciro No)
2021-07-27 22:35:27,785::database::DEBUG::(26/07/2021 19h14|'Estava revoltada': Luiza Erundina conta como libe)
2021-07-27 22:35:27,793::database::DEBUG::(1:28|Bolsonaro: "Mourão atrapalha, mas vice é como cunh)
2021-07-27 22:35:27,803::database::DEBUG::(5:39|Pegasus viola direito à privacidade e pode ter uso)
2021-07-27 22:35:27,812::database::DEBUG::(26/07/2021 18h33|'Mourão atrapalha, mas vice é como cunhado: tem qu)
2021-07-27 22:35:27,818::database::DEBUG::(1:11|Joice Hasselmann entrega objeto 'estranho' encontr)
2021-07-27 22:35:27,825::database::DEBUG::(26/07/2021 17h41| Justificam a queima de homens e acham barbaridade)
2021-07-27 22:35:27,831::database::DEBUG::(26/07/2021 17h15|Joice registra ocorrência contra senador: 'Não ten)
2021-07-27 22:35:27,837::database::DEBUG::(26/07/2021 16h57|TCU aponta 'hesitação' e 'omissão' do governo no c)
2021-07-27 22:35:27,844::database::DEBUG::(26/07/2021 16h48|Joice presta depoimento e entrega objeto 'estranho)
2021-07-27 22:35:27,850::database::DEBUG::(26/07/2021 16h20|Doria critica 'falta de gestão' do Ministério da S)
2021-07-27 22:35:27,857::database::DEBUG::(0:00|Bolsonaro muda discurso sobre fundo eleitoral: ?Va)
2021-07-27 22:35:27,863::database::DEBUG::(26/07/2021 15h40|Partido alemão que se encontrou com Bolsonaro só é)
2021-07-27 22:35:27,870::database::DEBUG::(26/07/2021 15h37|Bolsonaro: Veto a Fundão é só para valores que exc)
2021-07-27 22:35:27,877::database::DEBUG::(26/07/2021 15h32|Bolsonaro abraça deputada do partido dos neonazist)
2021-07-27 22:35:27,883::database::DEBUG::(26/07/2021 15h08|500 dias de pandemia, 550 mil mortos: faltam 525 d)
2021-07-27 22:35:27,896::database::DEBUG::(26/07/2021 14h20|Entidade israelita repudia reunião de Bolsonaro e )
2021-07-27 22:35:27,906::database::DEBUG::(26/07/2021 14h01|Bolsonaro repete que vai vetar "excesso" de fundo )
2021-07-27 22:35:27,930::database::DEBUG::(26/07/2021 14h00|Rosa Weber dá 10 dias para Congresso explicar vota)
2021-07-27 22:35:27,937::database::DEBUG::(26/07/2021 13h49|Governador do DF é internado após indisposição, e )
2021-07-27 22:35:27,944::database::DEBUG::(26/07/2021 13h09|Máscara começa a cair, diz Ramos após Bolsonaro mu)
2021-07-27 22:35:27,950::database::DEBUG::(26/07/2021 13h03|Por voto evangélico, Bolsonaro prega luta entre o )
2021-07-27 22:35:27,962::database::DEBUG::(26/07/2021 12h52|CPI volta na próxima semana focada em investigação)
2021-07-27 22:35:27,970::database::DEBUG::(26/07/2021 12h41|Postagem de Queiroz foi recado; ex-assessor de Flá)
2021-07-27 22:35:27,977::database::DEBUG::(26/07/2021 12h08|Bolsonaro diz que apresentará provas de fraudes na)
2021-07-27 22:35:27,983::database::DEBUG::(26/07/2021 10h59|Bolsonaro posa para foto com vice-líder da extrema)
2021-07-27 22:35:27,993::database::DEBUG::(26/07/2021 10h52|Voo do senador Ciro Nogueira tem problemas e reuni)
2021-07-27 22:35:28,001::database::DEBUG::(26/07/2021 10h08|Ideia de dar medalha a meu filho não foi minha, di)
2021-07-27 22:35:28,008::database::DEBUG::(26/07/2021 09h29|Esquerda tem chance real de encerrar hegemonia tuc)
2021-07-27 22:35:28,015::database::DEBUG::(26/07/2021 09h08|Incendiar a democracia é bem mais grave do que inc)
2021-07-27 22:35:28,026::database::DEBUG::(26/07/2021 08h09|Tabata Amaral tenta atrair direita para 'protesto )
2021-07-27 22:35:28,033::database::DEBUG::(26/07/2021 07h34|Lava Jato negociou programa espião Pegasus com emp)
2021-07-27 22:35:28,046::database::DEBUG::(26/07/2021 04h00|Quem representa a diplomacia brasileira?)
2021-07-27 22:35:28,053::database::DEBUG::(26/07/2021 04h00|Dominghetti elogiou Dias logo após jantar de supos)
2021-07-27 22:35:28,060::database::DEBUG::(26/07/2021 04h00|Governo Bolsonaro quer fechar associações de milit)
2021-07-27 22:35:28,066::database::DEBUG::(25/07/2021 20h40|Joice diz não ter procurado a PF por 'temer interf)
2021-07-27 22:35:28,076::database::DEBUG::(25/07/2021 19h05|Pós-eleição de Bolsonaro, verba do instituto do PS)
2021-07-27 22:35:28,083::database::DEBUG::(25/07/2021 19h02|Partidos ampliam repasse de verba a fundações, que)
2021-07-27 22:35:28,091::database::DEBUG::(25/07/2021 17h34|CPI da Covid irá ouvir plataformas por causa de fa)
2021-07-27 22:35:28,098::database::DEBUG::(23/07/2021 18h45|Disse quais são minhas suspeitas para a polícia, d)
2021-07-27 22:35:28,111::database::DEBUG::(3:56|Joice Hasselmann diz que foi informada que GSI est)
2021-07-27 22:35:28,118::database::DEBUG::(23/07/2021 18h34|'Quem duvida da urna não está bem informado', diz )
2021-07-27 22:35:28,125::database::DEBUG::(23/07/2021 18h25|Tive de me arrastar para ligar para meu marido, di)
2021-07-27 22:35:28,132::database::DEBUG::(23/07/2021 17h59|Luis Miranda chora ao falar de fim de contrato no )
2021-07-27 22:35:28,142::database::DEBUG::(23/07/2021 16h32|Amoêdo critica políticos do Novo que não apoiam im)
2021-07-27 22:35:28,149::database::DEBUG::(23/07/2021 15h50|Em ação por fala racista, MPF e Defensoria Pública)
2021-07-27 22:35:28,158::database::DEBUG::(23/07/2021 14h50|Bolsonaro diz que vacina superfaturada era estraté)
2021-07-27 22:35:28,164::database::DEBUG::(23/07/2021 14h32|Livre há quatro meses, Queiroz pratica tiro ao alv)
2021-07-27 22:35:28,175::database::DEBUG::(23/07/2021 14h24|Cúpula da Precisa decide ir à Índia para tentar re)
2021-07-27 22:35:28,184::database::DEBUG::(23/07/2021 14h23|Após acusação de fraude em documentos, CPI quer re)
2021-07-27 22:35:28,195::database::DEBUG::(23/07/2021 13h48|Militares jogam com outubro vermelho em 2022)
2021-07-27 22:35:28,202::database::DEBUG::(23/07/2021 13h41|Joice nega ter sido agredida pelo marido: 'Canalhi)
2021-07-27 22:35:28,209::database::DEBUG::(23/07/2021 13h26|Bolsonaro sobre fundo eleitoral de R$ 5,7 bilhões:)
2021-07-27 22:35:28,217::database::DEBUG::(23/07/2021 13h15|Quem é Braga Netto, general que se tornou um ?sold)
2021-07-27 22:35:28,229::database::DEBUG::(23/07/2021 13h10|Caso Braga Netto se soma a 'padrão preocupante' de)
2021-07-27 22:35:28,238::database::DEBUG::(23/07/2021 12h58|Bolsonaro sugere que Barroso persuadiu parlamentar)
2021-07-27 22:35:28,258::database::DEBUG::(23/07/2021 12h52|Bolsonaro diz que Mendonça ser evangélico pesou na)
2021-07-27 22:35:28,269::database::DEBUG::(23/07/2021 12h50|Santos Cruz: 'Não tem a mínima condição de ter gol)
2021-07-27 22:35:28,277::database::DEBUG::(23/07/2021 12h48|Bancada feminina da Câmara manifesta apoio a Joice)
2021-07-27 22:35:28,287::database::DEBUG::(23/07/2021 12h40|'Semipresidencialismo só agravaria crise política )
2021-07-27 22:35:28,295::database::DEBUG::(23/07/2021 12h20|'Tem que aplicar a lei', diz General Santos Cruz s)
2021-07-27 22:35:28,307::database::DEBUG::(23/07/2021 12h17|General Braga Netto deveria tomar aula de espertez)
2021-07-27 22:35:28,317::database::DEBUG::(23/07/2021 12h04|Documentos da Precisa para Saúde foram fraudados, )
2021-07-27 22:35:28,328::database::DEBUG::(23/07/2021 11h36|Bolsonaro diz que pode se filiar ao PP para concor)
2021-07-27 22:35:28,342::database::DEBUG::(23/07/2021 11h04|Doria descarta cristianização e chama Bolsonaro de)
2021-07-27 22:35:28,356::database::DEBUG::(23/07/2021 10h52|Lula assina carta no NY Times que pede fim do emba)
2021-07-27 22:35:28,377::database::DEBUG::(23/07/2021 10h20|Governo quer trocar voto eletrônico auditável por )
2021-07-27 22:35:28,389::database::DEBUG::(23/07/2021 10h00|STF mantém condenação do ex-governador do Rio Wils)
2021-07-27 22:35:28,398::database::DEBUG::(23/07/2021 09h22|Senador comenta suposto atentado a Joice: 'Fato de)
2021-07-27 22:35:28,409::database::DEBUG::(23/07/2021 09h10|Bolsonaro se agarra numa boia contra impeachment, )
2021-07-27 22:35:28,417::database::DEBUG::(23/07/2021 08h58|Senador diz que nota das Forças Armadas confirma p)
2021-07-27 22:35:28,425::database::DEBUG::(23/07/2021 08h15|TSE desmente Bolsonaro sobre apuração ser feita de)
2021-07-27 22:35:28,443::database::DEBUG::(23/07/2021 08h14|Ciro Nogueira em ministério tende a aproximar Bols)
2021-07-27 22:35:28,457::database::DEBUG::(23/07/2021 08h00|Novo Bolsa Família prometido por Bolsonaro não est)
2021-07-27 22:35:28,466::database::DEBUG::(23/07/2021 07h43|Na Folha: Se Aras se omitir diante de ameaça golpi)
2021-07-27 22:35:28,478::database::DEBUG::(23/07/2021 07h29|Bolsonaro tenta usar Braga Netto para recuar quase)
2021-07-27 22:35:28,495::database::DEBUG::(23/07/2021 04h00|UOL Explica: entenda a auditoria do voto pelo TSE )
2021-07-27 22:35:28,504::database::DEBUG::(22/07/2021 23h27|Centrão pode sair pelo voto; milicos, só com tiro.)
2021-07-27 22:35:28,511::database::DEBUG::(6:29|Presidente critica Barroso e volta a defender voto)
2021-07-27 22:35:28,526::database::DEBUG::(3:45|Bolsonaro diz que vai pedir investigação sobre pre)
2021-07-27 22:35:28,534::database::DEBUG::(22/07/2021 21h43|Joice Hasselmann aparece com machucados no corpo e)
2021-07-27 22:35:28,541::database::DEBUG::changes commited
2021-07-27 22:35:28,541::webdriver::DEBUG::clicking next page
2021-07-27 22:35:28,684::webdriver::DEBUG::next page clicked
2021-07-27 22:35:29,185::scraper::DEBUG::page 5, 1 try
2021-07-27 22:35:29,185::webdriver::DEBUG::findind elements...
2021-07-27 22:35:29,225::webdriver::DEBUG::212 elements found
2021-07-27 22:35:29,225::scraper::DEBUG::looping through elements...
2021-07-27 22:35:29,284::database::DEBUG::(27/07/2021 18h49|'É bastante esquisita a história dela', diz Bolson)
2021-07-27 22:35:29,295::database::DEBUG::(27/07/2021 18h46|Polícia Legislativa não identifica entrada de susp)
2021-07-27 22:35:29,303::database::DEBUG::(3:03|Bolsonaro está governando no modo sobrevivência, d)
2021-07-27 22:35:29,313::database::DEBUG::(27/07/2021 18h15|Bolsonaro rebate provocação de Lula: 'Crítica é um)
2021-07-27 22:35:29,321::database::DEBUG::(27/07/2021 17h53|TRE-RJ fará live para comprovar que 'urnas são aud)
2021-07-27 22:35:29,330::database::DEBUG::(27/07/2021 17h51|Polícia Legislativa diz que Joice não saiu de casa)
2021-07-27 22:35:29,341::database::DEBUG::(27/07/2021 17h01|Novo chefe da Casa Civil, Ciro Nogueira responde a)
2021-07-27 22:35:29,359::database::DEBUG::(27/07/2021 16h51|Gilmar Mendes pede posição da PGR sobre ameaças de)
2021-07-27 22:35:29,373::database::DEBUG::(27/07/2021 16h37|Ala fisiológica no governo substitui a ideológica )
2021-07-27 22:35:29,381::database::DEBUG::(27/07/2021 16h23|Rosa Weber mantém quebra de sigilo de assessor de )
2021-07-27 22:35:29,396::database::DEBUG::(27/07/2021 15h52|Não terei mesmo destino de PC Farias, diz Joice ap)
2021-07-27 22:35:29,407::database::DEBUG::(27/07/2021 15h35|'A democracia no Brasil nasceu na UTI', diz Leandr)
2021-07-27 22:35:29,414::database::DEBUG::(27/07/2021 14h58|Bolsonarismo manchou o conservadorismo, diz Felipe)
2021-07-27 22:35:29,420::database::DEBUG::(2:39|Felipe Moura Brasil: "Não 'passo pano' para rachad)
2021-07-27 22:35:29,428::database::DEBUG::(5:40|Felipe Moura Brasil: "Bolsonarismo ajudou a mancha)
2021-07-27 22:35:29,435::database::DEBUG::(2:58|Felipe Moura Brasil defende impeachment de Bolsona)
2021-07-27 22:35:29,462::database::DEBUG::(27/07/2021 14h25|Dono da Precisa movimentou 80 vezes mais do que de)
2021-07-27 22:35:29,473::database::DEBUG::(27/07/2021 14h02|Leitores comentam o estrago que Bolsonaro faz na i)
2021-07-27 22:35:29,483::database::DEBUG::(27/07/2021 13h57|Polícia realiza perícia em câmeras do prédio de Jo)
2021-07-27 22:35:29,498::database::DEBUG::(27/07/2021 13h40|'Negacionismo que custa vidas é falta de caráter',)
2021-07-27 22:35:29,513::database::DEBUG::(27/07/2021 13h26|Casado com centrão por interesse, Bolsonaro sabe q)
2021-07-27 22:35:29,533::database::DEBUG::(27/07/2021 13h13|Bolsonaro veta PL de remédio oral contra câncer: ')
2021-07-27 22:35:29,547::database::DEBUG::(27/07/2021 12h59|Se fosse Bolsonaro, já teria fechado o Supremo, di)
2021-07-27 22:35:29,564::database::DEBUG::(27/07/2021 12h17|Bolsonaro diz que apresentará provas de fraude nas)
2021-07-27 22:35:29,574::database::DEBUG::(27/07/2021 12h11|Mayra Pinheiro diz que pedirá indenização por dano)
2021-07-27 22:35:29,581::database::DEBUG::(27/07/2021 11h37|Lula provoca Bolsonaro: 'Nova política é ficar ref)
2021-07-27 22:35:29,591::database::DEBUG::(27/07/2021 11h20|Roberto Jefferson diz que Justiça Eleitoral é 'cab)
2021-07-27 22:35:29,598::database::DEBUG::(27/07/2021 11h05|Como o jeitoso Ciro Nogueira convenceu Bolsonaro a)
2021-07-27 22:35:29,608::database::DEBUG::(27/07/2021 10h53|Depois de mensagens críticas, Queiroz volta a elog)
2021-07-27 22:35:29,615::database::DEBUG::(27/07/2021 10h40|Mourão evita responder crítica feita por Bolsonaro)
2021-07-27 22:35:29,623::database::DEBUG::(27/07/2021 10h36|Bolsonaro foi pressionado a não dar superpoderes a)
2021-07-27 22:35:29,630::database::DEBUG::(27/07/2021 09h52|Carla: 'Operação' quer convencer Bolsonaro a não c)
2021-07-27 22:35:29,636::database::DEBUG::(27/07/2021 09h40|Ciro Nogueira aceita convite de Bolsonaro para che)
2021-07-27 22:35:29,644::database::DEBUG::(27/07/2021 08h54|Jornal francês publica perfil e diz que passado co)
2021-07-27 22:35:29,650::database::DEBUG::(27/07/2021 08h29|Deputada denuncia senador que debochou de mulher a)
2021-07-27 22:35:29,660::database::DEBUG::(27/07/2021 07h39|Bolsonaro explica em entrevista por que não poderá)
2021-07-27 22:35:29,667::database::DEBUG::(27/07/2021 05h26|Partido Militar tenta barrar centrão na Casa Civil)
2021-07-27 22:35:29,674::database::DEBUG::(27/07/2021 04h00|Bolsonaro deve repetir perdão a policiais condenad)
2021-07-27 22:35:29,680::database::DEBUG::(27/07/2021 04h00|O que aconteceu ao trabalhador em 2,5 anos sem o M)
2021-07-27 22:35:29,687::database::DEBUG::(27/07/2021 03h18|A vacina salvadora é a "U". Incompetência, não só )
2021-07-27 22:35:29,700::database::DEBUG::(26/07/2021 23h42|Prefeito de São Paulo diz que B.O. por violência c)
2021-07-27 22:35:29,707::database::DEBUG::(26/07/2021 22h26|O que se sabe até agora sobre incidente com a depu)
2021-07-27 22:35:29,714::database::DEBUG::(26/07/2021 21h44|O É DA COISA: Canalhas aplaudem quem queima homens)
2021-07-27 22:35:29,720::database::DEBUG::(26/07/2021 19h46|Bolsonarismo escancara nacionalismo branco com ult)
2021-07-27 22:35:29,727::database::DEBUG::(3:59|Queiroz posta foto com Bolsonaro, reclama de aband)
2021-07-27 22:35:29,734::database::DEBUG::(4:37|Encontro de Bolsonaro e vice-líder de extrema-dire)
2021-07-27 22:35:29,741::database::DEBUG::(26/07/2021 19h19|Bolsonaro fala agora em 'possibilidade' de Ciro No)
2021-07-27 22:35:29,747::database::DEBUG::(26/07/2021 19h14|'Estava revoltada': Luiza Erundina conta como libe)
2021-07-27 22:35:29,753::database::DEBUG::(1:28|Bolsonaro: "Mourão atrapalha, mas vice é como cunh)
2021-07-27 22:35:29,760::database::DEBUG::(5:39|Pegasus viola direito à privacidade e pode ter uso)
2021-07-27 22:35:29,767::database::DEBUG::(26/07/2021 18h33|'Mourão atrapalha, mas vice é como cunhado: tem qu)
2021-07-27 22:35:29,774::database::DEBUG::(1:11|Joice Hasselmann entrega objeto 'estranho' encontr)
2021-07-27 22:35:29,781::database::DEBUG::(26/07/2021 17h41| Justificam a queima de homens e acham barbaridade)
2021-07-27 22:35:29,787::database::DEBUG::(26/07/2021 17h15|Joice registra ocorrência contra senador: 'Não ten)
2021-07-27 22:35:29,794::database::DEBUG::(26/07/2021 16h57|TCU aponta 'hesitação' e 'omissão' do governo no c)
2021-07-27 22:35:29,803::database::DEBUG::(26/07/2021 16h48|Joice presta depoimento e entrega objeto 'estranho)
2021-07-27 22:35:29,811::database::DEBUG::(26/07/2021 16h20|Doria critica 'falta de gestão' do Ministério da S)
2021-07-27 22:35:29,817::database::DEBUG::(0:00|Bolsonaro muda discurso sobre fundo eleitoral: ?Va)
2021-07-27 22:35:29,824::database::DEBUG::(26/07/2021 15h40|Partido alemão que se encontrou com Bolsonaro só é)
2021-07-27 22:35:29,830::database::DEBUG::(26/07/2021 15h37|Bolsonaro: Veto a Fundão é só para valores que exc)
2021-07-27 22:35:29,836::database::DEBUG::(26/07/2021 15h32|Bolsonaro abraça deputada do partido dos neonazist)
2021-07-27 22:35:29,845::database::DEBUG::(26/07/2021 15h08|500 dias de pandemia, 550 mil mortos: faltam 525 d)
2021-07-27 22:35:29,851::database::DEBUG::(26/07/2021 14h20|Entidade israelita repudia reunião de Bolsonaro e )
2021-07-27 22:35:29,858::database::DEBUG::(26/07/2021 14h01|Bolsonaro repete que vai vetar "excesso" de fundo )
2021-07-27 22:35:29,864::database::DEBUG::(26/07/2021 14h00|Rosa Weber dá 10 dias para Congresso explicar vota)
2021-07-27 22:35:29,870::database::DEBUG::(26/07/2021 13h49|Governador do DF é internado após indisposição, e )
2021-07-27 22:35:29,877::database::DEBUG::(26/07/2021 13h09|Máscara começa a cair, diz Ramos após Bolsonaro mu)
2021-07-27 22:35:29,883::database::DEBUG::(26/07/2021 13h03|Por voto evangélico, Bolsonaro prega luta entre o )
2021-07-27 22:35:29,890::database::DEBUG::(26/07/2021 12h52|CPI volta na próxima semana focada em investigação)
2021-07-27 22:35:29,896::database::DEBUG::(26/07/2021 12h41|Postagem de Queiroz foi recado; ex-assessor de Flá)
2021-07-27 22:35:29,909::database::DEBUG::(26/07/2021 12h08|Bolsonaro diz que apresentará provas de fraudes na)
2021-07-27 22:35:29,916::database::DEBUG::(26/07/2021 10h59|Bolsonaro posa para foto com vice-líder da extrema)
2021-07-27 22:35:29,923::database::DEBUG::(26/07/2021 10h52|Voo do senador Ciro Nogueira tem problemas e reuni)
2021-07-27 22:35:29,929::database::DEBUG::(26/07/2021 10h08|Ideia de dar medalha a meu filho não foi minha, di)
2021-07-27 22:35:29,936::database::DEBUG::(26/07/2021 09h29|Esquerda tem chance real de encerrar hegemonia tuc)
2021-07-27 22:35:29,943::database::DEBUG::(26/07/2021 09h08|Incendiar a democracia é bem mais grave do que inc)
2021-07-27 22:35:29,950::database::DEBUG::(26/07/2021 08h09|Tabata Amaral tenta atrair direita para 'protesto )
2021-07-27 22:35:29,960::database::DEBUG::(25/07/2021 14h38|Queiroz reclama de abandono de ex-aliados em foto:)
2021-07-27 22:35:29,967::database::DEBUG::(25/07/2021 13h51|Joice entregou à polícia nomes de quem suspeita te)
2021-07-27 22:35:29,975::database::DEBUG::(25/07/2021 13h16|"Centrão está no comando", diz Kajuru sobre govern)
2021-07-27 22:35:29,981::database::DEBUG::(25/07/2021 11h40|O país em que a terceira via parece valer mais que)
2021-07-27 22:35:29,991::database::DEBUG::(25/07/2021 07h40|Disputa por fundo eleitoral ameaça candidaturas à )
2021-07-27 22:35:29,998::database::DEBUG::(25/07/2021 07h39|Adotado em Portugal e França, semipresidencialismo)
2021-07-27 22:35:30,008::database::DEBUG::(25/07/2021 04h00|Bolsonaro reabilita Ciro Nogueira da sua relação e)
2021-07-27 22:35:30,015::database::DEBUG::(25/07/2021 04h00|Ameaças sobre 2022 ampliarão isolamento político e)
2021-07-27 22:35:30,028::database::DEBUG::(25/07/2021 04h00|Banida desde 2015, doação eleitoral de empresas vo)
2021-07-27 22:35:30,037::database::DEBUG::(24/07/2021 22h15|Bolsonaro matou meu marido: viúvas relembram vítim)
2021-07-27 22:35:30,044::database::DEBUG::(24/07/2021 20h56|'Se eu perder o apoio popular, acabou', diz Bolson)
2021-07-27 22:35:30,051::database::DEBUG::(1:05|Manifestantes fecham Avenida Paulista em ato contr)
2021-07-27 22:35:30,060::database::DEBUG::(24/07/2021 19h27|Em dia de protestos, Jair se humilha ao carregar g)
2021-07-27 22:35:30,068::database::DEBUG::(24/07/2021 19h13|'Se eu estivesse coordenando a pandemia, menos pes)
2021-07-27 22:35:30,075::database::DEBUG::(24/07/2021 18h57|PM lança bombas de gás em ato contra Bolsonaro em )
2021-07-27 22:35:30,082::database::DEBUG::(24/07/2021 17h56|Suplicy participa de ato pela 1ª vez após pandemia)
2021-07-27 22:35:30,092::database::DEBUG::(24/07/2021 17h43|Alvo de novos protestos, Bolsonaro volta a ameaçar)
2021-07-27 22:35:30,099::database::DEBUG::(1:48|Protestos no Rio de Janeiro pelo impeachment de Bo)
2021-07-27 22:35:30,114::database::DEBUG::(24/07/2021 16h32|Protestos nas capitais do Sul têm máscaras de jaca)
2021-07-27 22:35:30,121::database::DEBUG::(24/07/2021 15h50|Ato contra Bolsonaro e pró-vacina fecha Paulista e)
2021-07-27 22:35:30,127::database::DEBUG::(24/07/2021 15h29|Londres, Barcelona, Viena: atos contra Bolsonaro o)
2021-07-27 22:35:30,134::database::DEBUG::(3:14|Cidades têm manifestações contra presidente Jair B)
2021-07-27 22:35:30,145::database::DEBUG::(24/07/2021 15h00|Manifestantes protestam no centro do Rio contra o )
2021-07-27 22:35:30,152::database::DEBUG::(24/07/2021 14h21|Quarto de Joice Hasselmann não tinha sinais de lut)
2021-07-27 22:35:30,159::database::DEBUG::(24/07/2021 12h52|Bolsonaro passeia de moto com Braga Netto e, sem m)
2021-07-27 22:35:30,165::database::DEBUG::(24/07/2021 12h09|Capitais registram novos protestos contra Bolsonar)
2021-07-27 22:35:30,175::database::DEBUG::(24/07/2021 12h04|Militar da Funai libera obra em terra indígena que)
2021-07-27 22:35:30,201::database::DEBUG::(24/07/2021 10h32|Contra extorsão bolsonarista, ruas devem encarnar )
2021-07-27 22:35:30,216::database::DEBUG::(24/07/2021 08h40|O que cidades que já vivem racionamento revelam so)
2021-07-27 22:35:30,224::database::DEBUG::(24/07/2021 08h20|Joice Hasselmann denuncia ferimentos ao Ministério)
2021-07-27 22:35:30,230::database::DEBUG::(24/07/2021 04h00|Mudança polêmica em preservativos gerou ganho de R)
2021-07-27 22:35:30,240::database::DEBUG::(24/07/2021 04h00|Manifestantes fazem atos contra Bolsonaro e pró-va)
2021-07-27 22:35:30,247::database::DEBUG::(24/07/2021 03h00|'Preciso salvar o governo', disse Bolsonaro ao esc)
2021-07-27 22:35:30,258::database::DEBUG::(23/07/2021 22h54|Governo federal proíbe exportação de agulhas, seri)
2021-07-27 22:35:30,265::database::DEBUG::(23/07/2021 20h52|Protestos contra Bolsonaro: quem são os principais)
2021-07-27 22:35:30,271::database::DEBUG::(23/07/2021 20h40|'Bolsonaro ameaça a ordem democrática', afirma dep)
2021-07-27 22:35:30,277::database::DEBUG::(23/07/2021 20h27|O É DA COISA: Como um presidente ruim fez um país )
2021-07-27 22:35:30,283::database::DEBUG::(23/07/2021 19h52|Fragmento de arroz não é 'resto' e venda é anterio)
2021-07-27 22:35:30,294::database::DEBUG::(23/07/2021 19h42|Moro e Doria são meus candidatos do coração, diz J)
2021-07-27 22:35:30,301::database::DEBUG::(3:29|Joice Hasselmann sobre 2022: "Moro é o nome do meu)
2021-07-27 22:35:30,308::database::DEBUG::(23/07/2021 19h29|É falso que áudio mostre Luana Piovani defendendo )
2021-07-27 22:35:30,320::database::DEBUG::(2:49|Joice Hasselmann: "Tenho minhas suspeitas e disse )
2021-07-27 22:35:30,327::database::DEBUG::(23/07/2021 19h13|Estou em busca de respostas, diz Joice após ferime)
2021-07-27 22:35:30,335::database::DEBUG::(22/07/2021 21h16|Em live, Bolsonaro mente sobre CoronaVac e apuraçã)
2021-07-27 22:35:30,342::database::DEBUG::(22/07/2021 21h16|Presidentes de partidos querem derrubar PEC do vot)
2021-07-27 22:35:30,348::database::DEBUG::(2:19|Bolsonaro: ?Ciro Nogueira me chamou de fascista no)
2021-07-27 22:35:30,358::database::DEBUG::(22/07/2021 20h26|'Bolsonaro Genocida' relata ataque a indígenas e p)
2021-07-27 22:35:30,365::database::DEBUG::(50:05|Live semanal do presidente Jair Bolsonaro)
2021-07-27 22:35:30,372::database::DEBUG::(12:46|"Vai dar trabalho reverter desmontes do governo Bo)
2021-07-27 22:35:30,379::database::DEBUG::(22/07/2021 20h02|Eleição em 2022 'é inegociável': as reações de aut)
2021-07-27 22:35:30,385::database::DEBUG::(22/07/2021 19h57|'As coisas mudam', diz Bolsonaro sobre xingamentos)
2021-07-27 22:35:30,394::database::DEBUG::(22/07/2021 19h46|General Braga Netto é o novo Pazuello do governo: )
2021-07-27 22:35:30,402::database::DEBUG::(22/07/2021 19h40|MG: Após ação de bolsonarista, Justiça bloqueia ex)
2021-07-27 22:35:30,408::database::DEBUG::(8:56|Caso Braga Netto: "Não vejo ameaça efetiva à democ)
2021-07-27 22:35:30,417::database::DEBUG::(2:18|Maia: Ciro Nogueira na Casa Civil melhora situação)
2021-07-27 22:35:30,428::database::DEBUG::(1:14|Maia critica escolha de Onyx para Ministério do Tr)
2021-07-27 22:35:30,434::database::DEBUG::(22/07/2021 18h57|Justiça determina que Saúde repasse R$ 55 milhões )
2021-07-27 22:35:30,444::database::DEBUG::(3:39|Maia defende novo formato para processo de impeach)
2021-07-27 22:35:30,451::database::DEBUG::(22/07/2021 18h29|Maia: Braga Netto deveria ter vergonha de fazer po)
2021-07-27 22:35:30,458::database::DEBUG::(2:33|Maia: "Braga Netto pode desmentir ameaça, mas sabe)
2021-07-27 22:35:30,465::database::DEBUG::(22/07/2021 18h20|Estudo publicado por Damares não atribui suicídios)
2021-07-27 22:35:30,475::database::DEBUG::(22/07/2021 17h40|Não há condição política para encaminhar impeachme)
2021-07-27 22:35:30,482::database::DEBUG::(22/07/2021 17h18|Uma máscara, duas máscaras, álcool em gel. Ocupe a)
2021-07-27 22:35:30,490::database::DEBUG::(22/07/2021 17h01|Membro da CPI quer reconvocar Mayra Pinheiro: 'Men)
2021-07-27 22:35:30,497::database::DEBUG::(22/07/2021 16h40|Ciro Nogueira é confirmado ministro: saiba quem é )
2021-07-27 22:35:30,508::database::DEBUG::(22/07/2021 16h40|Rosa pede que PGR se manifeste sobre abertura de i)
2021-07-27 22:35:30,515::database::DEBUG::(22/07/2021 16h37|Aras nega que recondução à PGR sirva a 'pretensões)
2021-07-27 22:35:30,527::database::DEBUG::(22/07/2021 16h23|'É lógico que vai ter eleição. Não somos república)
2021-07-27 22:35:30,538::database::DEBUG::(4:16|Bolsonaro expõe generais ao ridículo e à humilhaçã)
2021-07-27 22:35:30,546::database::DEBUG::(22/07/2021 15h57|Flávio Bolsonaro é vacinado contra covid-19 no Rio)
2021-07-27 22:35:30,554::database::DEBUG::(22/07/2021 15h22|Fábio Faria tenta abafar ameaça às eleições: 'Vamo)
2021-07-27 22:35:30,561::database::DEBUG::(22/07/2021 15h00|STF e TSE preferem silêncio diante de suposta amea)
2021-07-27 22:35:30,568::database::DEBUG::(22/07/2021 14h57|Em defesa do nome de Ciro Nogueira, Bolsonaro diz )
2021-07-27 22:35:30,578::database::DEBUG::(22/07/2021 14h57|Na ausência de governador do AM, vice tenta demiti)
2021-07-27 22:35:30,585::database::DEBUG::(22/07/2021 14h40|De interventor no Rio a escudeiro de Bolsonaro: qu)
2021-07-27 22:35:30,595::database::DEBUG::(22/07/2021 14h39|Defesa nega ameaça à eleição, mas bolsonaristas in)
2021-07-27 22:35:30,603::database::DEBUG::(22/07/2021 14h38|'PT foi refém do PMDB?', diz Guedes, questionado s)
2021-07-27 22:35:30,610::database::DEBUG::(22/07/2021 14h32|Ministro Fachin menciona 'populismo autoritário' q)
2021-07-27 22:35:30,617::database::DEBUG::(22/07/2021 14h06|Relator da reforma do IR diz que vai discutir segu)
2021-07-27 22:35:30,633::database::DEBUG::(22/07/2021 13h36|Pacheco diz que decisão sobre voto impresso cabe a)
2021-07-27 22:35:30,641::database::DEBUG::(22/07/2021 13h25|Guedes: Mudanças ministeriais vão reforçar sustent)
2021-07-27 22:35:30,648::database::DEBUG::(22/07/2021 13h24|Doria: suposta ameaça de Braga Netto reverbera o q)
2021-07-27 22:35:30,659::database::DEBUG::(22/07/2021 12h33|Ministro Paulo Guedes dá dinheiro a desempregado e)
2021-07-27 22:35:30,666::database::DEBUG::(22/07/2021 11h53|Movimentos negros denunciam presidente da Fundação)
2021-07-27 22:35:30,673::database::DEBUG::(22/07/2021 11h48|Renan Calheiros diz que Braga Netto tenta 'amedron)
2021-07-27 22:35:30,680::database::DEBUG::changes commited
2021-07-27 22:35:30,681::webdriver::DEBUG::clicking next page
2021-07-27 22:35:30,797::webdriver::DEBUG::next page clicked
2021-07-27 22:35:31,298::scraper::DEBUG::page 6, 1 try
2021-07-27 22:35:31,298::webdriver::DEBUG::findind elements...
2021-07-27 22:35:31,321::webdriver::DEBUG::212 elements found
2021-07-27 22:35:31,522::scraper::DEBUG::page 6, 1 try
2021-07-27 22:35:31,522::webdriver::DEBUG::findind elements...
2021-07-27 22:35:31,542::webdriver::DEBUG::212 elements found
2021-07-27 22:35:31,742::scraper::DEBUG::page 6, 1 try
2021-07-27 22:35:31,743::webdriver::DEBUG::findind elements...
2021-07-27 22:35:31,764::webdriver::DEBUG::212 elements found
2021-07-27 22:35:31,964::scraper::DEBUG::page 6, 1 try
2021-07-27 22:35:31,964::webdriver::DEBUG::findind elements...
2021-07-27 22:35:31,985::webdriver::DEBUG::212 elements found
2021-07-27 22:35:32,185::scraper::DEBUG::page 6, 1 try
2021-07-27 22:35:32,185::webdriver::DEBUG::findind elements...
2021-07-27 22:35:32,213::webdriver::DEBUG::212 elements found
2021-07-27 22:35:32,414::scraper::DEBUG::page 6, 1 try
2021-07-27 22:35:32,414::webdriver::DEBUG::findind elements...
2021-07-27 22:35:32,433::webdriver::DEBUG::212 elements found
2021-07-27 22:35:32,634::scraper::DEBUG::page 6, 1 try
2021-07-27 22:35:32,634::webdriver::DEBUG::findind elements...
2021-07-27 22:35:32,659::webdriver::DEBUG::212 elements found
2021-07-27 22:35:32,860::scraper::DEBUG::page 6, 1 try
2021-07-27 22:35:32,860::webdriver::DEBUG::findind elements...
2021-07-27 22:35:32,880::webdriver::DEBUG::212 elements found
2021-07-27 22:35:33,080::scraper::DEBUG::page 6, 1 try
2021-07-27 22:35:33,081::webdriver::DEBUG::findind elements...
2021-07-27 22:35:33,104::webdriver::DEBUG::212 elements found
2021-07-27 22:35:33,305::scraper::DEBUG::page 6, 1 try
2021-07-27 22:35:33,305::webdriver::DEBUG::findind elements...
2021-07-27 22:35:33,323::webdriver::DEBUG::212 elements found
2021-07-27 22:35:33,523::scraper::DEBUG::page 6, 1 try
2021-07-27 22:35:33,523::webdriver::DEBUG::findind elements...
2021-07-27 22:35:33,551::webdriver::DEBUG::212 elements found
2021-07-27 22:35:33,751::scraper::DEBUG::page 6, 1 try
2021-07-27 22:35:33,751::webdriver::DEBUG::findind elements...
2021-07-27 22:35:33,776::webdriver::DEBUG::212 elements found
2021-07-27 22:35:33,976::scraper::DEBUG::page 6, 1 try
2021-07-27 22:35:33,976::webdriver::DEBUG::findind elements...
2021-07-27 22:35:33,998::webdriver::DEBUG::212 elements found
2021-07-27 22:35:34,199::scraper::DEBUG::page 6, 1 try
2021-07-27 22:35:34,199::webdriver::DEBUG::findind elements...
2021-07-27 22:35:34,220::webdriver::DEBUG::212 elements found
2021-07-27 22:35:34,420::scraper::DEBUG::page 6, 1 try
2021-07-27 22:35:34,420::webdriver::DEBUG::findind elements...
2021-07-27 22:35:34,440::webdriver::DEBUG::212 elements found
2021-07-27 22:35:34,640::scraper::DEBUG::page 6, 1 try
2021-07-27 22:35:34,640::webdriver::DEBUG::findind elements...
2021-07-27 22:35:34,660::webdriver::DEBUG::212 elements found
2021-07-27 22:35:34,861::scraper::DEBUG::page 6, 1 try
2021-07-27 22:35:34,861::webdriver::DEBUG::findind elements...
2021-07-27 22:35:34,881::webdriver::DEBUG::212 elements found
2021-07-27 22:35:35,081::scraper::DEBUG::page 6, 1 try
2021-07-27 22:35:35,082::webdriver::DEBUG::findind elements...
2021-07-27 22:35:35,101::webdriver::DEBUG::212 elements found
2021-07-27 22:35:35,301::scraper::DEBUG::page 6, 1 try
2021-07-27 22:35:35,302::webdriver::DEBUG::findind elements...
2021-07-27 22:35:35,323::webdriver::DEBUG::212 elements found
2021-07-27 22:35:35,524::scraper::DEBUG::page 6, 1 try
2021-07-27 22:35:35,524::webdriver::DEBUG::findind elements...
2021-07-27 22:35:35,569::webdriver::DEBUG::254 elements found
2021-07-27 22:35:35,569::scraper::DEBUG::looping through elements...
2021-07-27 22:35:35,584::database::DEBUG::(27/07/2021 18h49|'É bastante esquisita a história dela', diz Bolson)
2021-07-27 22:35:35,593::database::DEBUG::(27/07/2021 18h46|Polícia Legislativa não identifica entrada de susp)
2021-07-27 22:35:35,601::database::DEBUG::(3:03|Bolsonaro está governando no modo sobrevivência, d)
2021-07-27 22:35:35,611::database::DEBUG::(27/07/2021 18h15|Bolsonaro rebate provocação de Lula: 'Crítica é um)
2021-07-27 22:35:35,634::database::DEBUG::(27/07/2021 17h53|TRE-RJ fará live para comprovar que 'urnas são aud)
2021-07-27 22:35:35,649::database::DEBUG::(27/07/2021 17h51|Polícia Legislativa diz que Joice não saiu de casa)
2021-07-27 22:35:35,658::database::DEBUG::(27/07/2021 17h01|Novo chefe da Casa Civil, Ciro Nogueira responde a)
2021-07-27 22:35:35,666::database::DEBUG::(27/07/2021 16h51|Gilmar Mendes pede posição da PGR sobre ameaças de)
2021-07-27 22:35:35,680::database::DEBUG::(27/07/2021 16h37|Ala fisiológica no governo substitui a ideológica )
2021-07-27 22:35:35,698::database::DEBUG::(27/07/2021 16h23|Rosa Weber mantém quebra de sigilo de assessor de )
2021-07-27 22:35:35,708::database::DEBUG::(27/07/2021 15h52|Não terei mesmo destino de PC Farias, diz Joice ap)
2021-07-27 22:35:35,716::database::DEBUG::(27/07/2021 15h35|'A democracia no Brasil nasceu na UTI', diz Leandr)
2021-07-27 22:35:35,726::database::DEBUG::(27/07/2021 14h58|Bolsonarismo manchou o conservadorismo, diz Felipe)
2021-07-27 22:35:35,734::database::DEBUG::(2:39|Felipe Moura Brasil: "Não 'passo pano' para rachad)
2021-07-27 22:35:35,741::database::DEBUG::(5:40|Felipe Moura Brasil: "Bolsonarismo ajudou a mancha)
2021-07-27 22:35:35,751::database::DEBUG::(2:58|Felipe Moura Brasil defende impeachment de Bolsona)
2021-07-27 22:35:35,761::database::DEBUG::(27/07/2021 14h25|Dono da Precisa movimentou 80 vezes mais do que de)
2021-07-27 22:35:35,768::database::DEBUG::(27/07/2021 14h02|Leitores comentam o estrago que Bolsonaro faz na i)
2021-07-27 22:35:35,852::database::DEBUG::(27/07/2021 13h57|Polícia realiza perícia em câmeras do prédio de Jo)
2021-07-27 22:35:35,868::database::DEBUG::(27/07/2021 13h40|'Negacionismo que custa vidas é falta de caráter',)
2021-07-27 22:35:35,901::database::DEBUG::(27/07/2021 13h26|Casado com centrão por interesse, Bolsonaro sabe q)
2021-07-27 22:35:35,923::database::DEBUG::(27/07/2021 13h13|Bolsonaro veta PL de remédio oral contra câncer: ')
2021-07-27 22:35:35,982::database::DEBUG::(27/07/2021 12h59|Se fosse Bolsonaro, já teria fechado o Supremo, di)
2021-07-27 22:35:35,998::database::DEBUG::(27/07/2021 12h17|Bolsonaro diz que apresentará provas de fraude nas)
2021-07-27 22:35:36,009::database::DEBUG::(27/07/2021 12h11|Mayra Pinheiro diz que pedirá indenização por dano)
2021-07-27 22:35:36,017::database::DEBUG::(27/07/2021 11h37|Lula provoca Bolsonaro: 'Nova política é ficar ref)
2021-07-27 22:35:36,031::database::DEBUG::(27/07/2021 11h20|Roberto Jefferson diz que Justiça Eleitoral é 'cab)
2021-07-27 22:35:36,040::database::DEBUG::(27/07/2021 11h05|Como o jeitoso Ciro Nogueira convenceu Bolsonaro a)
2021-07-27 22:35:36,048::database::DEBUG::(27/07/2021 10h53|Depois de mensagens críticas, Queiroz volta a elog)
2021-07-27 22:35:36,058::database::DEBUG::(27/07/2021 10h40|Mourão evita responder crítica feita por Bolsonaro)
2021-07-27 22:35:36,066::database::DEBUG::(27/07/2021 10h36|Bolsonaro foi pressionado a não dar superpoderes a)
2021-07-27 22:35:36,076::database::DEBUG::(27/07/2021 09h52|Carla: 'Operação' quer convencer Bolsonaro a não c)
2021-07-27 22:35:36,087::database::DEBUG::(27/07/2021 09h40|Ciro Nogueira aceita convite de Bolsonaro para che)
2021-07-27 22:35:36,099::database::DEBUG::(27/07/2021 08h54|Jornal francês publica perfil e diz que passado co)
2021-07-27 22:35:36,107::database::DEBUG::(27/07/2021 08h29|Deputada denuncia senador que debochou de mulher a)
2021-07-27 22:35:36,114::database::DEBUG::(27/07/2021 07h39|Bolsonaro explica em entrevista por que não poderá)
2021-07-27 22:35:36,121::database::DEBUG::(27/07/2021 05h26|Partido Militar tenta barrar centrão na Casa Civil)
2021-07-27 22:35:36,130::database::DEBUG::(27/07/2021 04h00|Bolsonaro deve repetir perdão a policiais condenad)
2021-07-27 22:35:36,137::database::DEBUG::(27/07/2021 04h00|O que aconteceu ao trabalhador em 2,5 anos sem o M)
2021-07-27 22:35:36,146::database::DEBUG::(27/07/2021 03h18|A vacina salvadora é a "U". Incompetência, não só )
2021-07-27 22:35:36,163::database::DEBUG::(26/07/2021 23h42|Prefeito de São Paulo diz que B.O. por violência c)
2021-07-27 22:35:36,170::database::DEBUG::(26/07/2021 22h26|O que se sabe até agora sobre incidente com a depu)
2021-07-27 22:35:36,181::database::DEBUG::(26/07/2021 21h44|O É DA COISA: Canalhas aplaudem quem queima homens)
2021-07-27 22:35:36,196::database::DEBUG::(26/07/2021 19h46|Bolsonarismo escancara nacionalismo branco com ult)
2021-07-27 22:35:36,204::database::DEBUG::(3:59|Queiroz posta foto com Bolsonaro, reclama de aband)
2021-07-27 22:35:36,212::database::DEBUG::(4:37|Encontro de Bolsonaro e vice-líder de extrema-dire)
2021-07-27 22:35:36,219::database::DEBUG::(26/07/2021 19h19|Bolsonaro fala agora em 'possibilidade' de Ciro No)
2021-07-27 22:35:36,225::database::DEBUG::(26/07/2021 19h14|'Estava revoltada': Luiza Erundina conta como libe)
2021-07-27 22:35:36,232::database::DEBUG::(1:28|Bolsonaro: "Mourão atrapalha, mas vice é como cunh)
2021-07-27 22:35:36,242::database::DEBUG::(5:39|Pegasus viola direito à privacidade e pode ter uso)
2021-07-27 22:35:36,249::database::DEBUG::(26/07/2021 18h33|'Mourão atrapalha, mas vice é como cunhado: tem qu)
2021-07-27 22:35:36,256::database::DEBUG::(1:11|Joice Hasselmann entrega objeto 'estranho' encontr)
2021-07-27 22:35:36,262::database::DEBUG::(26/07/2021 17h41| Justificam a queima de homens e acham barbaridade)
2021-07-27 22:35:36,269::database::DEBUG::(26/07/2021 17h15|Joice registra ocorrência contra senador: 'Não ten)
2021-07-27 22:35:36,278::database::DEBUG::(26/07/2021 16h57|TCU aponta 'hesitação' e 'omissão' do governo no c)
2021-07-27 22:35:36,284::database::DEBUG::(26/07/2021 16h48|Joice presta depoimento e entrega objeto 'estranho)
2021-07-27 22:35:36,299::database::DEBUG::(26/07/2021 16h20|Doria critica 'falta de gestão' do Ministério da S)
2021-07-27 22:35:36,308::database::DEBUG::(0:00|Bolsonaro muda discurso sobre fundo eleitoral: ?Va)
2021-07-27 22:35:36,315::database::DEBUG::(26/07/2021 15h40|Partido alemão que se encontrou com Bolsonaro só é)
2021-07-27 22:35:36,325::database::DEBUG::(26/07/2021 15h37|Bolsonaro: Veto a Fundão é só para valores que exc)
2021-07-27 22:35:36,332::database::DEBUG::(26/07/2021 15h32|Bolsonaro abraça deputada do partido dos neonazist)
2021-07-27 22:35:36,339::database::DEBUG::(26/07/2021 15h08|500 dias de pandemia, 550 mil mortos: faltam 525 d)
2021-07-27 22:35:36,345::database::DEBUG::(26/07/2021 14h20|Entidade israelita repudia reunião de Bolsonaro e )
2021-07-27 22:35:36,351::database::DEBUG::(26/07/2021 14h01|Bolsonaro repete que vai vetar "excesso" de fundo )
2021-07-27 22:35:36,360::database::DEBUG::(26/07/2021 14h00|Rosa Weber dá 10 dias para Congresso explicar vota)
2021-07-27 22:35:36,367::database::DEBUG::(26/07/2021 13h49|Governador do DF é internado após indisposição, e )
2021-07-27 22:35:36,374::database::DEBUG::(26/07/2021 13h09|Máscara começa a cair, diz Ramos após Bolsonaro mu)
2021-07-27 22:35:36,380::database::DEBUG::(26/07/2021 13h03|Por voto evangélico, Bolsonaro prega luta entre o )
2021-07-27 22:35:36,387::database::DEBUG::(26/07/2021 12h52|CPI volta na próxima semana focada em investigação)
2021-07-27 22:35:36,394::database::DEBUG::(26/07/2021 12h41|Postagem de Queiroz foi recado; ex-assessor de Flá)
2021-07-27 22:35:36,407::database::DEBUG::(26/07/2021 12h08|Bolsonaro diz que apresentará provas de fraudes na)
2021-07-27 22:35:36,414::database::DEBUG::(26/07/2021 10h59|Bolsonaro posa para foto com vice-líder da extrema)
2021-07-27 22:35:36,424::database::DEBUG::(26/07/2021 10h52|Voo do senador Ciro Nogueira tem problemas e reuni)
2021-07-27 22:35:36,431::database::DEBUG::(26/07/2021 10h08|Ideia de dar medalha a meu filho não foi minha, di)
2021-07-27 22:35:36,437::database::DEBUG::(26/07/2021 09h29|Esquerda tem chance real de encerrar hegemonia tuc)
2021-07-27 22:35:36,445::database::DEBUG::(26/07/2021 09h08|Incendiar a democracia é bem mais grave do que inc)
2021-07-27 22:35:36,458::database::DEBUG::(26/07/2021 08h09|Tabata Amaral tenta atrair direita para 'protesto )
2021-07-27 22:35:36,465::database::DEBUG::(26/07/2021 07h34|Lava Jato negociou programa espião Pegasus com emp)
2021-07-27 22:35:36,475::database::DEBUG::(26/07/2021 04h00|Quem representa a diplomacia brasileira?)
2021-07-27 22:35:36,481::database::DEBUG::(26/07/2021 04h00|Dominghetti elogiou Dias logo após jantar de supos)
2021-07-27 22:35:36,487::database::DEBUG::(26/07/2021 04h00|Governo Bolsonaro quer fechar associações de milit)
2021-07-27 22:35:36,494::database::DEBUG::(25/07/2021 20h40|Joice diz não ter procurado a PF por 'temer interf)
2021-07-27 22:35:36,501::database::DEBUG::(25/07/2021 19h05|Pós-eleição de Bolsonaro, verba do instituto do PS)
2021-07-27 22:35:36,514::database::DEBUG::(25/07/2021 19h02|Partidos ampliam repasse de verba a fundações, que)
2021-07-27 22:35:36,520::database::DEBUG::(25/07/2021 17h34|CPI da Covid irá ouvir plataformas por causa de fa)
2021-07-27 22:35:36,526::database::DEBUG::(25/07/2021 14h38|Queiroz reclama de abandono de ex-aliados em foto:)
2021-07-27 22:35:36,533::database::DEBUG::(25/07/2021 13h51|Joice entregou à polícia nomes de quem suspeita te)
2021-07-27 22:35:36,543::database::DEBUG::(25/07/2021 13h16|"Centrão está no comando", diz Kajuru sobre govern)
2021-07-27 22:35:36,549::database::DEBUG::(25/07/2021 11h40|O país em que a terceira via parece valer mais que)
2021-07-27 22:35:36,556::database::DEBUG::(25/07/2021 07h40|Disputa por fundo eleitoral ameaça candidaturas à )
2021-07-27 22:35:36,563::database::DEBUG::(25/07/2021 07h39|Adotado em Portugal e França, semipresidencialismo)
2021-07-27 22:35:36,575::database::DEBUG::(25/07/2021 04h00|Bolsonaro reabilita Ciro Nogueira da sua relação e)
2021-07-27 22:35:36,582::database::DEBUG::(25/07/2021 04h00|Ameaças sobre 2022 ampliarão isolamento político e)
2021-07-27 22:35:36,596::database::DEBUG::(25/07/2021 04h00|Banida desde 2015, doação eleitoral de empresas vo)
2021-07-27 22:35:36,604::database::DEBUG::(24/07/2021 22h15|Bolsonaro matou meu marido: viúvas relembram vítim)
2021-07-27 22:35:36,614::database::DEBUG::(24/07/2021 20h56|'Se eu perder o apoio popular, acabou', diz Bolson)
2021-07-27 22:35:36,621::database::DEBUG::(1:05|Manifestantes fecham Avenida Paulista em ato contr)
2021-07-27 22:35:36,629::database::DEBUG::(24/07/2021 19h27|Em dia de protestos, Jair se humilha ao carregar g)
2021-07-27 22:35:36,636::database::DEBUG::(24/07/2021 19h13|'Se eu estivesse coordenando a pandemia, menos pes)
2021-07-27 22:35:36,643::database::DEBUG::(24/07/2021 18h57|PM lança bombas de gás em ato contra Bolsonaro em )
2021-07-27 22:35:36,649::database::DEBUG::(24/07/2021 17h56|Suplicy participa de ato pela 1ª vez após pandemia)
2021-07-27 22:35:36,659::database::DEBUG::(24/07/2021 17h43|Alvo de novos protestos, Bolsonaro volta a ameaçar)
2021-07-27 22:35:36,666::database::DEBUG::(1:48|Protestos no Rio de Janeiro pelo impeachment de Bo)
2021-07-27 22:35:36,673::database::DEBUG::(24/07/2021 16h32|Protestos nas capitais do Sul têm máscaras de jaca)
2021-07-27 22:35:36,679::database::DEBUG::(24/07/2021 15h50|Ato contra Bolsonaro e pró-vacina fecha Paulista e)
2021-07-27 22:35:36,685::database::DEBUG::(24/07/2021 15h29|Londres, Barcelona, Viena: atos contra Bolsonaro o)
2021-07-27 22:35:36,693::database::DEBUG::(3:14|Cidades têm manifestações contra presidente Jair B)
2021-07-27 22:35:36,700::database::DEBUG::(24/07/2021 15h00|Manifestantes protestam no centro do Rio contra o )
2021-07-27 22:35:36,706::database::DEBUG::(24/07/2021 14h21|Quarto de Joice Hasselmann não tinha sinais de lut)
2021-07-27 22:35:36,716::database::DEBUG::(24/07/2021 12h52|Bolsonaro passeia de moto com Braga Netto e, sem m)
2021-07-27 22:35:36,726::database::DEBUG::(24/07/2021 12h09|Capitais registram novos protestos contra Bolsonar)
2021-07-27 22:35:36,733::database::DEBUG::(24/07/2021 12h04|Militar da Funai libera obra em terra indígena que)
2021-07-27 22:35:36,744::database::DEBUG::(24/07/2021 10h32|Contra extorsão bolsonarista, ruas devem encarnar )
2021-07-27 22:35:36,750::database::DEBUG::(24/07/2021 08h40|O que cidades que já vivem racionamento revelam so)
2021-07-27 22:35:36,757::database::DEBUG::(24/07/2021 08h20|Joice Hasselmann denuncia ferimentos ao Ministério)
2021-07-27 22:35:36,763::database::DEBUG::(24/07/2021 04h00|Mudança polêmica em preservativos gerou ganho de R)
2021-07-27 22:35:36,770::database::DEBUG::(24/07/2021 04h00|Manifestantes fazem atos contra Bolsonaro e pró-va)
2021-07-27 22:35:36,777::database::DEBUG::(24/07/2021 03h00|'Preciso salvar o governo', disse Bolsonaro ao esc)
2021-07-27 22:35:36,783::database::DEBUG::(23/07/2021 22h54|Governo federal proíbe exportação de agulhas, seri)
2021-07-27 22:35:36,791::database::DEBUG::(23/07/2021 20h52|Protestos contra Bolsonaro: quem são os principais)
2021-07-27 22:35:36,797::database::DEBUG::(23/07/2021 18h45|Disse quais são minhas suspeitas para a polícia, d)
2021-07-27 22:35:36,804::database::DEBUG::(3:56|Joice Hasselmann diz que foi informada que GSI est)
2021-07-27 22:35:36,810::database::DEBUG::(23/07/2021 18h34|'Quem duvida da urna não está bem informado', diz )
2021-07-27 22:35:36,820::database::DEBUG::(23/07/2021 18h25|Tive de me arrastar para ligar para meu marido, di)
2021-07-27 22:35:36,827::database::DEBUG::(23/07/2021 17h59|Luis Miranda chora ao falar de fim de contrato no )
2021-07-27 22:35:36,833::database::DEBUG::(23/07/2021 16h32|Amoêdo critica políticos do Novo que não apoiam im)
2021-07-27 22:35:36,843::database::DEBUG::(23/07/2021 15h50|Em ação por fala racista, MPF e Defensoria Pública)
2021-07-27 22:35:36,850::database::DEBUG::(23/07/2021 14h50|Bolsonaro diz que vacina superfaturada era estraté)
2021-07-27 22:35:36,857::database::DEBUG::(23/07/2021 14h32|Livre há quatro meses, Queiroz pratica tiro ao alv)
2021-07-27 22:35:36,863::database::DEBUG::(23/07/2021 14h24|Cúpula da Precisa decide ir à Índia para tentar re)
2021-07-27 22:35:36,869::database::DEBUG::(23/07/2021 14h23|Após acusação de fraude em documentos, CPI quer re)
2021-07-27 22:35:36,877::database::DEBUG::(23/07/2021 13h48|Militares jogam com outubro vermelho em 2022)
2021-07-27 22:35:36,883::database::DEBUG::(23/07/2021 13h41|Joice nega ter sido agredida pelo marido: 'Canalhi)
2021-07-27 22:35:36,894::database::DEBUG::(23/07/2021 13h26|Bolsonaro sobre fundo eleitoral de R$ 5,7 bilhões:)
2021-07-27 22:35:36,901::database::DEBUG::(23/07/2021 13h15|Quem é Braga Netto, general que se tornou um ?sold)
2021-07-27 22:35:36,907::database::DEBUG::(23/07/2021 13h10|Caso Braga Netto se soma a 'padrão preocupante' de)
2021-07-27 22:35:36,914::database::DEBUG::(23/07/2021 12h58|Bolsonaro sugere que Barroso persuadiu parlamentar)
2021-07-27 22:35:36,927::database::DEBUG::(23/07/2021 12h52|Bolsonaro diz que Mendonça ser evangélico pesou na)
2021-07-27 22:35:36,934::database::DEBUG::(23/07/2021 12h50|Santos Cruz: 'Não tem a mínima condição de ter gol)
2021-07-27 22:35:36,940::database::DEBUG::(23/07/2021 12h48|Bancada feminina da Câmara manifesta apoio a Joice)
2021-07-27 22:35:36,946::database::DEBUG::(23/07/2021 12h40|'Semipresidencialismo só agravaria crise política )
2021-07-27 22:35:36,953::database::DEBUG::(23/07/2021 12h20|'Tem que aplicar a lei', diz General Santos Cruz s)
2021-07-27 22:35:36,960::database::DEBUG::(23/07/2021 12h17|General Braga Netto deveria tomar aula de espertez)
2021-07-27 22:35:36,966::database::DEBUG::(23/07/2021 12h04|Documentos da Precisa para Saúde foram fraudados, )
2021-07-27 22:35:36,973::database::DEBUG::(23/07/2021 11h36|Bolsonaro diz que pode se filiar ao PP para concor)
2021-07-27 22:35:36,979::database::DEBUG::(23/07/2021 11h04|Doria descarta cristianização e chama Bolsonaro de)
2021-07-27 22:35:36,985::database::DEBUG::(23/07/2021 10h52|Lula assina carta no NY Times que pede fim do emba)
2021-07-27 22:35:36,994::database::DEBUG::(23/07/2021 10h20|Governo quer trocar voto eletrônico auditável por )
2021-07-27 22:35:37,000::database::DEBUG::(23/07/2021 10h00|STF mantém condenação do ex-governador do Rio Wils)
2021-07-27 22:35:37,010::database::DEBUG::(23/07/2021 09h22|Senador comenta suposto atentado a Joice: 'Fato de)
2021-07-27 22:35:37,016::database::DEBUG::(23/07/2021 09h10|Bolsonaro se agarra numa boia contra impeachment, )
2021-07-27 22:35:37,026::database::DEBUG::(23/07/2021 08h58|Senador diz que nota das Forças Armadas confirma p)
2021-07-27 22:35:37,032::database::DEBUG::(23/07/2021 08h15|TSE desmente Bolsonaro sobre apuração ser feita de)
2021-07-27 22:35:37,042::database::DEBUG::(23/07/2021 08h14|Ciro Nogueira em ministério tende a aproximar Bols)
2021-07-27 22:35:37,048::database::DEBUG::(23/07/2021 08h00|Novo Bolsa Família prometido por Bolsonaro não est)
2021-07-27 22:35:37,055::database::DEBUG::(23/07/2021 07h43|Na Folha: Se Aras se omitir diante de ameaça golpi)
2021-07-27 22:35:37,061::database::DEBUG::(23/07/2021 07h29|Bolsonaro tenta usar Braga Netto para recuar quase)
2021-07-27 22:35:37,067::database::DEBUG::(23/07/2021 04h00|UOL Explica: entenda a auditoria do voto pelo TSE )
2021-07-27 22:35:37,085::database::DEBUG::(22/07/2021 23h27|Centrão pode sair pelo voto; milicos, só com tiro.)
2021-07-27 22:35:37,092::database::DEBUG::(6:29|Presidente critica Barroso e volta a defender voto)
2021-07-27 22:35:37,099::database::DEBUG::(3:45|Bolsonaro diz que vai pedir investigação sobre pre)
2021-07-27 22:35:37,113::database::DEBUG::(22/07/2021 21h43|Joice Hasselmann aparece com machucados no corpo e)
2021-07-27 22:35:37,125::database::DEBUG::(1:58|Bolsonaro confirma Ciro Nogueira na Casa Civil e O)
2021-07-27 22:35:37,151::database::DEBUG::(22/07/2021 10h33|Bolsonaro confirma Onyx em novo ministério e mudan)
2021-07-27 22:35:37,158::database::DEBUG::(22/07/2021 10h31|Ministério da Defesa nega que Braga Netto tenha fe)
2021-07-27 22:35:37,164::database::DEBUG::(22/07/2021 10h26|Chefes das três Forças apoiam determinação de Bols)
2021-07-27 22:35:37,174::database::DEBUG::(22/07/2021 10h20|Lira e Braga Netto negam ameaça sobre eleições de )
2021-07-27 22:35:37,181::database::DEBUG::(22/07/2021 10h19|Aziz: 'Mayra não tem mais condições morais para co)
2021-07-27 22:35:37,192::database::DEBUG::(22/07/2021 10h17|É preciso forçar Bolsonaro a se portar como adulto)
2021-07-27 22:35:37,199::database::DEBUG::(22/07/2021 09h42|Políticos de vários partidos condenam suposta amea)
2021-07-27 22:35:37,208::database::DEBUG::(22/07/2021 09h36|Voto impresso seria ótimo para caciques políticos,)
2021-07-27 22:35:37,215::database::DEBUG::(22/07/2021 09h30|Tem gente com a cabeça em 1964, diz líder da oposi)
2021-07-27 22:35:37,227::database::DEBUG::(22/07/2021 09h27|Palácio foi pego de surpresa com Centrão -- capaz )
2021-07-27 22:35:37,234::database::DEBUG::(22/07/2021 08h58|'Praticamente impossível' não ter candidato em SP,)
2021-07-27 22:35:37,242::database::DEBUG::(22/07/2021 08h45|Intimidação golpista de Braga Netto enterra voto i)
2021-07-27 22:35:37,249::database::DEBUG::(22/07/2021 08h40|CEO da VTCLog diz ter cobrado Dias para assinar ad)
2021-07-27 22:35:37,260::database::DEBUG::(22/07/2021 08h27|Braga Netto fez ameaça e condicionou eleições ao v)
2021-07-27 22:35:37,267::database::DEBUG::(22/07/2021 08h05|Braga Netto precisa confirmar ameaça de golpe; Lir)
2021-07-27 22:35:37,274::database::DEBUG::(22/07/2021 08h02|Mãe de Ciro Nogueira pode assumir vaga no Senado s)
2021-07-27 22:35:37,281::database::DEBUG::(22/07/2021 07h18|Centrão dá golpe nos generais, assume governo e de)
2021-07-27 22:35:37,291::database::DEBUG::(22/07/2021 04h00|Submisso ao centrão, Bolsonaro tornou-se um semipr)
2021-07-27 22:35:37,300::database::DEBUG::(22/07/2021 04h00|Convite a Ciro Nogueira é manobra de Bolsonaro par)
2021-07-27 22:35:37,308::database::DEBUG::(22/07/2021 04h00|Pazuello queria mais vacinas no 2º semestre, relat)
2021-07-27 22:35:37,316::database::DEBUG::(22/07/2021 04h00|Quem é Marcelo Ramos, vice da Câmara que passou a )
2021-07-27 22:35:37,326::database::DEBUG::(22/07/2021 04h00|Fake news podem levar a Capitólio brasileiro, diz )
2021-07-27 22:35:37,334::database::DEBUG::(21/07/2021 23h18|Ex-presidente Dilma descarta vitória de terceira v)
2021-07-27 22:35:37,344::database::DEBUG::(21/07/2021 22h55|Wilson Witzel lança curso para o 'candidato vitori)
2021-07-27 22:35:37,354::database::DEBUG::(21/07/2021 22h37|Castillo e presidente interino iniciam transição d)
2021-07-27 22:35:37,361::database::DEBUG::(21/07/2021 22h15|O É DA COISA: Governo ficará com o centrão, sem in)
2021-07-27 22:35:37,368::database::DEBUG::(21/07/2021 21h15|YouTube remove vídeos de Bolsonaro por informações)
2021-07-27 22:35:37,377::database::DEBUG::(21/07/2021 20h55|Defensor da cloroquina, Heinze deve substituir Cir)
2021-07-27 22:35:37,385::database::DEBUG::(21/07/2021 20h52|Em entrevista, Lula erra sobre gasolina e acerta a)
2021-07-27 22:35:37,393::database::DEBUG::(21/07/2021 20h44|Mayra Pinheiro pediu perguntas para enviar a senad)
2021-07-27 22:35:37,401::database::DEBUG::(2:31|Bolsonaro governa no caos e não sabe fazer polític)
2021-07-27 22:35:37,412::database::DEBUG::(2:40|"PP tem vários caciques e não aceitaria 'porteira )
2021-07-27 22:35:37,419::database::DEBUG::(21/07/2021 19h20|'Fui atropelado por um trem', diz Ramos sobre demi)
2021-07-27 22:35:37,426::database::DEBUG::(3:15|Guedes está 'resignado' e Ramos perde força em xad)
2021-07-27 22:35:37,436::database::DEBUG::(21/07/2021 19h07|RJ: Deputado pede para tomar 3ª dose sem ser Coron)
2021-07-27 22:35:37,444::database::DEBUG::(2:04|Onyx não teve muito sucesso em outros ministérios )
2021-07-27 22:35:37,451::database::DEBUG::(21/07/2021 18h53|Sakamoto: Centrão na Casa Civil blinda Bolsonaro e)
2021-07-27 22:35:37,460::database::DEBUG::(2:52|Cármen nega pedido do PT para que Arthur Lira anál)
2021-07-27 22:35:37,467::database::DEBUG::(21/07/2021 18h39|Ciro Nogueira 'foi convencido' por Bolsonaro a ass)
2021-07-27 22:35:37,477::database::DEBUG::(21/07/2021 18h31|Bolsonaro desistiu de se filiar ao Patriota, diz p)
2021-07-27 22:35:37,484::database::DEBUG::(2:54|"Governo Bolsonaro caminha para o colo do centrão")
2021-07-27 22:35:37,490::database::DEBUG::changes commited
2021-07-27 22:35:37,490::webdriver::DEBUG::clicking next page
2021-07-27 22:35:37,694::webdriver::DEBUG::next page clicked
2021-07-27 22:35:37,789::scraper::WARNING::no next page, trying again...
2021-07-27 22:35:37,789::scraper::DEBUG::page 6, 2 try
2021-07-27 22:35:37,789::webdriver::DEBUG::findind elements...
