2021-07-26 22:32:21,619::scraper::DEBUG::logger configured
2021-07-26 22:32:21,619::database::DEBUG::logger configured
2021-07-26 22:32:21,620::database::DEBUG::news.db.db connection open
2021-07-26 22:32:21,628::database::DEBUG::zero table dropped
2021-07-26 22:32:21,635::database::DEBUG::zero table created
2021-07-26 22:32:21,635::webdriver::DEBUG::logger configured
2021-07-26 22:32:21,636::webdriver::DEBUG::opening connection...
2021-07-26 22:32:23,079::webdriver::DEBUG::connection open
2021-07-26 22:32:23,079::webdriver::DEBUG::getting page https://gauchazh.clicrbs.com.br/politica/ultimas-noticias/...
2021-07-26 22:32:25,657::webdriver::DEBUG::page received
2021-07-26 22:32:25,657::scraper::DEBUG::page 1, 1 try
2021-07-26 22:32:25,657::webdriver::DEBUG::findind elements...
2021-07-26 22:32:25,703::webdriver::DEBUG::16 elements found
2021-07-26 22:32:25,704::scraper::DEBUG::looping through elements...
2021-07-26 22:32:25,981::database::DEBUG::(2021-07-26 17:12:00|Urna eletrônica: trunfo do deputado é acusado de)
2021-07-26 22:32:26,110::database::DEBUG::(2021-07-26 17:08:00|'Semipresidencialismo pode fortalecer o presidente)
2021-07-26 22:32:26,133::database::DEBUG::(2021-07-26 17:08:00|Militares foram alvo de 278 apurações de desvio)
2021-07-26 22:32:26,148::database::DEBUG::(2021-07-26 17:02:00|Relatório do TCU aponta "hesitação" e "omissão" do)
2021-07-26 22:32:26,159::database::DEBUG::(2021-07-26 15:17:00|Veto ao Fundão se aplica só a valores que excedem )
2021-07-26 22:32:26,170::database::DEBUG::(2021-07-26 12:37:00|Para Bolsonaro, atos antidemocráticos são liberdad)
2021-07-26 22:32:26,181::database::DEBUG::(2021-07-26 12:32:00|Deputada alemã investigada por propagar ideias neo)
2021-07-26 22:32:26,217::database::DEBUG::(2021-07-26 11:02:00|Reunião entre Bolsonaro e Ciro Nogueira é adiada p)
2021-07-26 22:32:26,246::database::DEBUG::(2021-07-26 10:22:00|Bolsonaro volta a informar agenda, mas não revela )
2021-07-26 22:32:26,272::database::DEBUG::(2021-07-25 20:27:00|Fabrício Queiroz posta foto com Bolsonaro e aliado)
2021-07-26 22:32:26,286::database::DEBUG::(2021-07-25 19:12:00|Verba do instituto do PSL cresce 1.228% em 4 anos)
2021-07-26 22:32:26,307::database::DEBUG::(2021-07-25 19:07:00|Partidos ampliam repasse de verba para fundações, )
2021-07-26 22:32:27,322::database::DEBUG::(2021-07-25 17:42:00|Aziz: Vamos ouvir plataformas de redes por permiti)
2021-07-26 22:32:27,336::database::DEBUG::(2021-07-25 17:37:00|Marido de Joice Hasselmann nega agressão: "Jamais )
2021-07-26 22:32:27,344::database::DEBUG::(2021-07-25 16:07:00|'Protagonismo militar está em pleno ato', diz cien)
2021-07-26 22:32:27,393::database::DEBUG::(2021-07-25 15:07:00|Polícia prende suspeito de participar de incêndio )
2021-07-26 22:32:27,399::database::DEBUG::changes commited
2021-07-26 22:32:27,399::webdriver::DEBUG::clicking next page
2021-07-26 22:32:27,834::webdriver::DEBUG::next page clicked
2021-07-26 22:32:28,335::scraper::DEBUG::page 2, 1 try
2021-07-26 22:32:28,335::webdriver::DEBUG::findind elements...
2021-07-26 22:32:28,342::webdriver::DEBUG::21 elements found
2021-07-26 22:32:28,342::scraper::DEBUG::looping through elements...
2021-07-26 22:32:28,349::database::DEBUG::(2021-07-26 19:31:00|Torcida do Grêmio protesta antes de embarque do ti)
2021-07-26 22:32:28,354::database::DEBUG::(2021-07-26 19:27:00|MP-RJ anuncia novos integrantes da força-tarefa so)
2021-07-26 22:32:28,359::database::DEBUG::(2021-07-26 19:22:00|Bolsonaro, sobre Ciro Nogueira: Se for julgado e c)
2021-07-26 22:32:28,364::database::DEBUG::(2021-07-26 19:22:00|Bolsonaro diz que estuda possibilidade de apoiar c)
2021-07-26 22:32:28,370::database::DEBUG::(2021-07-26 19:22:00|Aliado de Trump nega ter atuado como agente de gov)
2021-07-26 22:32:28,374::database::DEBUG::changes commited
2021-07-26 22:32:28,374::webdriver::DEBUG::clicking next page
2021-07-26 22:32:28,414::webdriver::DEBUG::next page clicked
2021-07-26 22:32:28,915::scraper::DEBUG::page 3, 1 try
2021-07-26 22:32:28,915::webdriver::DEBUG::findind elements...
2021-07-26 22:32:28,924::webdriver::DEBUG::21 elements found
2021-07-26 22:32:29,125::scraper::DEBUG::page 3, 1 try
2021-07-26 22:32:29,125::webdriver::DEBUG::findind elements...
2021-07-26 22:32:29,131::webdriver::DEBUG::21 elements found
2021-07-26 22:32:29,331::scraper::DEBUG::page 3, 1 try
2021-07-26 22:32:29,332::webdriver::DEBUG::findind elements...
2021-07-26 22:32:29,337::webdriver::DEBUG::21 elements found
2021-07-26 22:32:29,538::scraper::DEBUG::page 3, 1 try
2021-07-26 22:32:29,538::webdriver::DEBUG::findind elements...
2021-07-26 22:32:29,554::webdriver::DEBUG::21 elements found
2021-07-26 22:32:29,755::scraper::DEBUG::page 3, 1 try
2021-07-26 22:32:29,755::webdriver::DEBUG::findind elements...
2021-07-26 22:32:29,760::webdriver::DEBUG::21 elements found
2021-07-26 22:32:29,961::scraper::DEBUG::page 3, 1 try
2021-07-26 22:32:29,961::webdriver::DEBUG::findind elements...
2021-07-26 22:32:29,968::webdriver::DEBUG::21 elements found
2021-07-26 22:32:30,168::scraper::DEBUG::page 3, 1 try
2021-07-26 22:32:30,168::webdriver::DEBUG::findind elements...
2021-07-26 22:32:30,174::webdriver::DEBUG::21 elements found
2021-07-26 22:32:30,375::scraper::DEBUG::page 3, 1 try
2021-07-26 22:32:30,375::webdriver::DEBUG::findind elements...
2021-07-26 22:32:30,381::webdriver::DEBUG::21 elements found
2021-07-26 22:32:30,582::scraper::DEBUG::page 3, 1 try
2021-07-26 22:32:30,582::webdriver::DEBUG::findind elements...
2021-07-26 22:32:30,603::webdriver::DEBUG::21 elements found
2021-07-26 22:32:30,803::scraper::DEBUG::page 3, 1 try
2021-07-26 22:32:30,803::webdriver::DEBUG::findind elements...
2021-07-26 22:32:30,810::webdriver::DEBUG::21 elements found
2021-07-26 22:32:31,010::scraper::DEBUG::page 3, 1 try
2021-07-26 22:32:31,010::webdriver::DEBUG::findind elements...
2021-07-26 22:32:31,017::webdriver::DEBUG::21 elements found
2021-07-26 22:32:31,218::scraper::DEBUG::page 3, 1 try
2021-07-26 22:32:31,218::webdriver::DEBUG::findind elements...
2021-07-26 22:32:31,224::webdriver::DEBUG::21 elements found
2021-07-26 22:32:31,424::scraper::DEBUG::page 3, 1 try
2021-07-26 22:32:31,425::webdriver::DEBUG::findind elements...
2021-07-26 22:32:31,432::webdriver::DEBUG::21 elements found
2021-07-26 22:32:31,632::scraper::DEBUG::page 3, 1 try
2021-07-26 22:32:31,632::webdriver::DEBUG::findind elements...
2021-07-26 22:32:31,645::webdriver::DEBUG::21 elements found
2021-07-26 22:32:31,845::scraper::DEBUG::page 3, 1 try
2021-07-26 22:32:31,846::webdriver::DEBUG::findind elements...
2021-07-26 22:32:31,853::webdriver::DEBUG::21 elements found
2021-07-26 22:32:32,053::scraper::DEBUG::page 3, 1 try
2021-07-26 22:32:32,054::webdriver::DEBUG::findind elements...
2021-07-26 22:32:32,061::webdriver::DEBUG::21 elements found
2021-07-26 22:32:32,261::scraper::DEBUG::page 3, 1 try
2021-07-26 22:32:32,261::webdriver::DEBUG::findind elements...
2021-07-26 22:32:32,268::webdriver::DEBUG::21 elements found
2021-07-26 22:32:32,468::scraper::DEBUG::page 3, 1 try
2021-07-26 22:32:32,469::webdriver::DEBUG::findind elements...
2021-07-26 22:32:32,476::webdriver::DEBUG::21 elements found
2021-07-26 22:32:32,676::scraper::DEBUG::page 3, 1 try
2021-07-26 22:32:32,677::webdriver::DEBUG::findind elements...
2021-07-26 22:32:32,684::webdriver::DEBUG::21 elements found
2021-07-26 22:32:32,885::scraper::DEBUG::page 3, 1 try
2021-07-26 22:32:32,885::webdriver::DEBUG::findind elements...
2021-07-26 22:32:32,891::webdriver::DEBUG::21 elements found
2021-07-26 22:32:33,092::scraper::DEBUG::page 3, 1 try
2021-07-26 22:32:33,092::webdriver::DEBUG::findind elements...
2021-07-26 22:32:33,098::webdriver::DEBUG::21 elements found
2021-07-26 22:32:33,298::scraper::DEBUG::page 3, 1 try
2021-07-26 22:32:33,299::webdriver::DEBUG::findind elements...
2021-07-26 22:32:33,306::webdriver::DEBUG::21 elements found
2021-07-26 22:32:33,507::scraper::DEBUG::page 3, 1 try
2021-07-26 22:32:33,507::webdriver::DEBUG::findind elements...
2021-07-26 22:32:33,514::webdriver::DEBUG::21 elements found
