2021-07-26 22:29:32,126::scraper::DEBUG::logger configured
2021-07-26 22:29:32,126::database::DEBUG::logger configured
2021-07-26 22:29:32,126::database::DEBUG::news.db.db connection open
2021-07-26 22:29:32,131::database::DEBUG::zero table dropped
2021-07-26 22:29:32,135::database::DEBUG::zero table created
2021-07-26 22:29:32,135::webdriver::DEBUG::logger configured
2021-07-26 22:29:32,135::webdriver::DEBUG::opening connection...
2021-07-26 22:29:34,002::webdriver::DEBUG::connection open
2021-07-26 22:29:34,003::webdriver::DEBUG::getting page https://gauchazh.clicrbs.com.br/politica/ultimas-noticias/...
2021-07-26 22:29:54,277::webdriver::DEBUG::page received
2021-07-26 22:29:54,277::scraper::DEBUG::page 1, 1 try
2021-07-26 22:29:54,277::webdriver::DEBUG::findind elements...
2021-07-26 22:29:54,333::webdriver::DEBUG::16 elements found
2021-07-26 22:29:54,334::scraper::DEBUG::looping through elements...
2021-07-26 22:29:54,344::scraper::WARNING::inner elements not found
2021-07-26 22:29:54,350::scraper::WARNING::inner elements not found
2021-07-26 22:29:54,356::scraper::WARNING::inner elements not found
2021-07-26 22:29:54,363::scraper::WARNING::inner elements not found
2021-07-26 22:29:54,369::scraper::WARNING::inner elements not found
2021-07-26 22:29:54,375::scraper::WARNING::inner elements not found
2021-07-26 22:29:54,381::scraper::WARNING::inner elements not found
2021-07-26 22:29:54,387::scraper::WARNING::inner elements not found
2021-07-26 22:29:54,392::scraper::WARNING::inner elements not found
2021-07-26 22:29:54,398::scraper::WARNING::inner elements not found
2021-07-26 22:29:54,405::scraper::WARNING::inner elements not found
2021-07-26 22:29:54,419::scraper::WARNING::inner elements not found
2021-07-26 22:29:54,426::scraper::WARNING::inner elements not found
2021-07-26 22:29:54,446::scraper::WARNING::inner elements not found
2021-07-26 22:29:54,458::scraper::WARNING::inner elements not found
2021-07-26 22:29:54,475::scraper::WARNING::inner elements not found
2021-07-26 22:29:54,475::database::DEBUG::changes commited
2021-07-26 22:29:54,475::webdriver::DEBUG::clicking next page
2021-07-26 22:29:54,587::webdriver::DEBUG::next page clicked
2021-07-26 22:29:55,088::scraper::DEBUG::page 2, 1 try
2021-07-26 22:29:55,088::webdriver::DEBUG::findind elements...
2021-07-26 22:29:55,119::webdriver::DEBUG::20 elements found
2021-07-26 22:29:55,119::scraper::DEBUG::looping through elements...
2021-07-26 22:29:55,163::scraper::WARNING::inner elements not found
2021-07-26 22:29:55,234::scraper::WARNING::inner elements not found
2021-07-26 22:29:55,256::scraper::WARNING::inner elements not found
2021-07-26 22:29:55,264::scraper::WARNING::inner elements not found
2021-07-26 22:29:55,265::database::DEBUG::changes commited
2021-07-26 22:29:55,265::webdriver::DEBUG::clicking next page
2021-07-26 22:30:05,360::scraper::WARNING::no next page, trying again...
2021-07-26 22:30:05,360::scraper::DEBUG::page 2, 2 try
2021-07-26 22:30:05,360::webdriver::DEBUG::findind elements...
2021-07-26 22:30:05,371::webdriver::DEBUG::20 elements found
2021-07-26 22:30:05,571::scraper::DEBUG::page 2, 2 try
2021-07-26 22:30:05,571::webdriver::DEBUG::findind elements...
2021-07-26 22:30:05,578::webdriver::DEBUG::20 elements found
2021-07-26 22:30:05,779::scraper::DEBUG::page 2, 2 try
2021-07-26 22:30:05,779::webdriver::DEBUG::findind elements...
2021-07-26 22:30:05,785::webdriver::DEBUG::20 elements found
2021-07-26 22:30:05,986::scraper::DEBUG::page 2, 2 try
2021-07-26 22:30:05,986::webdriver::DEBUG::findind elements...
2021-07-26 22:30:05,992::webdriver::DEBUG::20 elements found
2021-07-26 22:30:06,193::scraper::DEBUG::page 2, 2 try
2021-07-26 22:30:06,193::webdriver::DEBUG::findind elements...
2021-07-26 22:30:06,199::webdriver::DEBUG::20 elements found
2021-07-26 22:30:06,400::scraper::DEBUG::page 2, 2 try
2021-07-26 22:30:06,400::webdriver::DEBUG::findind elements...
2021-07-26 22:30:06,407::webdriver::DEBUG::20 elements found
2021-07-26 22:30:06,607::scraper::DEBUG::page 2, 2 try
2021-07-26 22:30:06,608::webdriver::DEBUG::findind elements...
2021-07-26 22:30:06,613::webdriver::DEBUG::20 elements found
2021-07-26 22:30:06,814::scraper::DEBUG::page 2, 2 try
2021-07-26 22:30:06,814::webdriver::DEBUG::findind elements...
2021-07-26 22:30:06,820::webdriver::DEBUG::20 elements found
2021-07-26 22:30:07,020::scraper::DEBUG::page 2, 2 try
2021-07-26 22:30:07,020::webdriver::DEBUG::findind elements...
2021-07-26 22:30:07,028::webdriver::DEBUG::20 elements found
2021-07-26 22:30:07,229::scraper::DEBUG::page 2, 2 try
2021-07-26 22:30:07,229::webdriver::DEBUG::findind elements...
2021-07-26 22:30:07,235::webdriver::DEBUG::20 elements found
2021-07-26 22:30:07,435::scraper::DEBUG::page 2, 2 try
2021-07-26 22:30:07,435::webdriver::DEBUG::findind elements...
2021-07-26 22:30:07,441::webdriver::DEBUG::20 elements found
2021-07-26 22:30:07,642::scraper::DEBUG::page 2, 2 try
2021-07-26 22:30:07,642::webdriver::DEBUG::findind elements...
2021-07-26 22:30:07,647::webdriver::DEBUG::20 elements found
2021-07-26 22:30:07,848::scraper::DEBUG::page 2, 2 try
2021-07-26 22:30:07,848::webdriver::DEBUG::findind elements...
2021-07-26 22:30:07,854::webdriver::DEBUG::20 elements found
2021-07-26 22:30:08,054::scraper::DEBUG::page 2, 2 try
2021-07-26 22:30:08,055::webdriver::DEBUG::findind elements...
2021-07-26 22:30:08,062::webdriver::DEBUG::20 elements found
2021-07-26 22:30:08,263::scraper::DEBUG::page 2, 2 try
2021-07-26 22:30:08,263::webdriver::DEBUG::findind elements...
2021-07-26 22:30:08,268::webdriver::DEBUG::20 elements found
2021-07-26 22:30:08,469::scraper::DEBUG::page 2, 2 try
2021-07-26 22:30:08,469::webdriver::DEBUG::findind elements...
2021-07-26 22:30:08,475::webdriver::DEBUG::20 elements found
2021-07-26 22:30:08,675::scraper::DEBUG::page 2, 2 try
2021-07-26 22:30:08,676::webdriver::DEBUG::findind elements...
2021-07-26 22:30:08,681::webdriver::DEBUG::20 elements found
2021-07-26 22:30:08,882::scraper::DEBUG::page 2, 2 try
2021-07-26 22:30:08,882::webdriver::DEBUG::findind elements...
2021-07-26 22:30:08,888::webdriver::DEBUG::20 elements found
2021-07-26 22:30:09,089::scraper::DEBUG::page 2, 2 try
2021-07-26 22:30:09,089::webdriver::DEBUG::findind elements...
2021-07-26 22:30:09,095::webdriver::DEBUG::20 elements found
2021-07-26 22:30:09,296::scraper::DEBUG::page 2, 2 try
2021-07-26 22:30:09,296::webdriver::DEBUG::findind elements...
2021-07-26 22:30:09,302::webdriver::DEBUG::20 elements found
2021-07-26 22:30:09,502::scraper::DEBUG::page 2, 2 try
2021-07-26 22:30:09,502::webdriver::DEBUG::findind elements...
2021-07-26 22:30:09,509::webdriver::DEBUG::20 elements found
2021-07-26 22:30:09,709::scraper::DEBUG::page 2, 2 try
2021-07-26 22:30:09,709::webdriver::DEBUG::findind elements...
2021-07-26 22:30:09,715::webdriver::DEBUG::20 elements found
2021-07-26 22:30:09,916::scraper::DEBUG::page 2, 2 try
2021-07-26 22:30:09,916::webdriver::DEBUG::findind elements...
2021-07-26 22:30:09,921::webdriver::DEBUG::20 elements found
2021-07-26 22:30:10,122::scraper::DEBUG::page 2, 2 try
2021-07-26 22:30:10,122::webdriver::DEBUG::findind elements...
2021-07-26 22:30:10,130::webdriver::DEBUG::20 elements found
