2021-07-21 19:45:59,398:scraper:DEBUG:logger configured
2021-07-21 19:45:59,399:database:DEBUG:logger configured
2021-07-21 19:45:59,399:database:DEBUG:news.db opening connection
2021-07-21 19:45:59,401:database:DEBUG:news.db connection open
2021-07-21 19:45:59,411:database:DEBUG:correio table dropped
2021-07-21 19:45:59,412:database:DEBUG:correio table created
2021-07-21 19:45:59,413:webdriver:DEBUG:logger configured
2021-07-21 19:46:02,516:webdriver:DEBUG:connection open
2021-07-21 19:46:02,517:webdriver:DEBUG:getting page https://www.correiobraziliense.com.br/politica
2021-07-21 19:46:07,957:webdriver:DEBUG:page received
2021-07-21 19:46:07,957:scraper:DEBUG:page 0 - finding elements
2021-07-21 19:46:08,009:webdriver:DEBUG:22 elements found
2021-07-21 19:46:08,009:scraper:DEBUG:looping through last 400 elements
2021-07-21 19:46:08,076:scraper:WARNING:inner elements not found
2021-07-21 19:46:08,152:scraper:WARNING:inner elements not found
2021-07-21 19:46:08,206:database:DEBUG:(2021-07-21 19:00:00|"A terceira via vai ) inserted into correio in news.db
2021-07-21 19:46:08,264:database:DEBUG:(2021-07-21 18:14:00|Senadora pede que TC) inserted into correio in news.db
2021-07-21 19:46:08,316:database:DEBUG:(2021-07-21 18:09:00|Randolfe será condec) inserted into correio in news.db
2021-07-21 19:46:08,364:database:DEBUG:(2021-07-21 17:27:00|Alessandro Vieira ac) inserted into correio in news.db
2021-07-21 19:46:08,436:database:DEBUG:(2021-07-21 16:07:00|Citado na CPI, coron) inserted into correio in news.db
2021-07-21 19:46:08,547:database:DEBUG:(2021-07-21 15:23:00|Bolsonaro: 'era hipé) inserted into correio in news.db
2021-07-21 19:46:08,669:database:DEBUG:(2021-07-21 13:45:00|Caso Ciro Nogueira v) inserted into correio in news.db
2021-07-21 19:46:08,748:database:DEBUG:(2021-07-21 13:42:00|Prestes a ingressar ) inserted into correio in news.db
2021-07-21 19:46:08,809:database:DEBUG:(2021-07-21 13:16:00|Bolsonaro pretende r) inserted into correio in news.db
2021-07-21 19:46:09,015:database:DEBUG:(2021-07-21 12:42:00|Bolsonaro: "Cadeira ) inserted into correio in news.db
2021-07-21 19:46:09,081:database:DEBUG:(2021-07-21 12:20:00|Bolsonaro: "Cuidado ) inserted into correio in news.db
2021-07-21 19:46:09,134:database:DEBUG:(2021-07-21 11:51:00|Bolsonaro diz que de) inserted into correio in news.db
2021-07-21 19:46:09,185:database:DEBUG:(2021-07-21 11:46:00|Bolsonaro: "Se tives) inserted into correio in news.db
2021-07-21 19:46:09,239:database:DEBUG:(2021-07-21 11:21:00|Bolsonaro: "O G7 da ) inserted into correio in news.db
2021-07-21 19:46:09,289:database:DEBUG:(2021-07-21 10:15:00|Semipresidencialismo) inserted into correio in news.db
2021-07-21 19:46:09,343:database:DEBUG:(2021-07-21 09:51:00|Após Gleisi Hoffmann) inserted into correio in news.db
2021-07-21 19:46:09,402:database:DEBUG:(2021-07-21 09:50:00|Reforma ministerial:) inserted into correio in news.db
2021-07-21 19:46:09,456:database:DEBUG:(2021-07-21 09:49:00|Bolsonaro diz que "p) inserted into correio in news.db
2021-07-21 19:46:09,508:database:DEBUG:(2021-07-21 06:00:00|Alexandre Garcia: "F) inserted into correio in news.db
2021-07-21 19:46:09,627:database:DEBUG:(2021-07-21 06:00:00|Rosa Weber decidirá ) inserted into correio in news.db
2021-07-21 19:46:09,627:webdriver:DEBUG:clicking next page
2021-07-21 19:46:09,792:webdriver:DEBUG:next page clicked, sleeping...
2021-07-21 19:46:10,294:scraper:DEBUG:page 1 - finding elements
2021-07-21 19:46:10,307:webdriver:DEBUG:42 elements found
2021-07-21 19:46:10,307:scraper:DEBUG:looping through last 400 elements
2021-07-21 19:46:10,363:database:DEBUG:(2021-07-21 06:00:00|Lula e Bolsonaro des) inserted into correio in news.db
2021-07-21 19:46:10,493:database:DEBUG:(2021-07-21 06:00:00|Aras sofre resistênc) inserted into correio in news.db
2021-07-21 19:46:10,561:database:DEBUG:(2021-07-20 23:59:00|Com respaldo do MDB,) inserted into correio in news.db
2021-07-21 19:46:10,622:database:DEBUG:(2021-07-20 23:50:00|PF: investigação que) inserted into correio in news.db
2021-07-21 19:46:10,679:database:DEBUG:(2021-07-20 22:27:00|Luís Miranda reage a) inserted into correio in news.db
2021-07-21 19:46:10,737:database:DEBUG:(2021-07-20 22:19:00|Flávio Bolsonaro rep) inserted into correio in news.db
2021-07-21 19:46:10,822:database:DEBUG:(2021-07-20 21:44:00|Kassab sobre candida) inserted into correio in news.db
2021-07-21 19:46:10,900:database:DEBUG:(2021-07-20 20:51:00|Fábio Faria desponta) inserted into correio in news.db
2021-07-21 19:46:10,992:database:DEBUG:(2021-07-20 19:46:00|Eduardo Bolsonaro re) inserted into correio in news.db
2021-07-21 19:46:11,067:database:DEBUG:(2021-07-20 19:19:00|CPMI das Fake News r) inserted into correio in news.db
2021-07-21 19:46:11,150:database:DEBUG:(2021-07-20 18:29:00|CPI da Covid-19 divi) inserted into correio in news.db
2021-07-21 19:46:11,232:database:DEBUG:(2021-07-20 17:39:00|Presidente afastado ) inserted into correio in news.db
2021-07-21 19:46:11,299:database:DEBUG:(2021-07-20 16:45:00|"Bolsonaro arma acor) inserted into correio in news.db
2021-07-21 19:46:11,374:database:DEBUG:(2021-07-20 15:49:00|Bolsonaro decide rec) inserted into correio in news.db
2021-07-21 19:46:11,443:database:DEBUG:(2021-07-20 15:45:00|Por ordem de Anderso) inserted into correio in news.db
2021-07-21 19:46:11,544:database:DEBUG:(2021-07-20 15:27:00|Bolsonaro reafirma v) inserted into correio in news.db
2021-07-21 19:46:11,699:database:DEBUG:(2021-07-20 15:09:00|Lula: 'Semipresidenc) inserted into correio in news.db
2021-07-21 19:46:11,791:database:DEBUG:(2021-07-20 14:47:00|Bolsonaro: "Cabo da ) inserted into correio in news.db
2021-07-21 19:46:11,858:database:DEBUG:(2021-07-20 14:36:00|Depoimento de Luís M) inserted into correio in news.db
2021-07-21 19:46:11,937:database:DEBUG:(2021-07-20 14:25:00|Bolsonaro defende al) inserted into correio in news.db
2021-07-21 19:46:11,938:webdriver:DEBUG:clicking next page
2021-07-21 19:46:12,010:webdriver:DEBUG:next page clicked, sleeping...
2021-07-21 19:46:12,512:scraper:DEBUG:page 2 - finding elements
2021-07-21 19:46:12,561:webdriver:DEBUG:62 elements found
2021-07-21 19:46:12,561:scraper:DEBUG:looping through last 400 elements
2021-07-21 19:46:12,677:database:DEBUG:(2021-07-20 14:22:00|Em recuperação, Bols) inserted into correio in news.db
2021-07-21 19:46:12,735:database:DEBUG:(2021-07-20 14:18:00|"Querem me f*, teria) inserted into correio in news.db
2021-07-21 19:46:12,833:database:DEBUG:(2021-07-20 14:06:00|Luis Miranda diz que) inserted into correio in news.db
2021-07-21 19:46:12,928:database:DEBUG:(2021-07-20 14:01:00|Luis Miranda confirm) inserted into correio in news.db
2021-07-21 19:46:13,009:database:DEBUG:(2021-07-20 13:56:00|Valor médio do novo ) inserted into correio in news.db
2021-07-21 19:46:13,086:database:DEBUG:(2021-07-20 13:53:00|Bolsonaro volta a di) inserted into correio in news.db
2021-07-21 19:46:13,154:database:DEBUG:(2021-07-20 13:51:00|Bolsonaro ironiza Do) inserted into correio in news.db
2021-07-21 19:46:13,222:database:DEBUG:(2021-07-20 13:44:00|Bolsonaro ataca Lula) inserted into correio in news.db
2021-07-21 19:46:13,329:database:DEBUG:(2021-07-20 13:34:00|Bolsonaro: "Não tem ) inserted into correio in news.db
2021-07-21 19:46:13,395:database:DEBUG:(2021-07-20 12:02:00|Bolsonaro sobre elei) inserted into correio in news.db
2021-07-21 19:46:13,463:database:DEBUG:(2021-07-20 11:51:00|Braga Netto: "Precis) inserted into correio in news.db
2021-07-21 19:46:13,530:database:DEBUG:(2021-07-20 08:55:00|Quem é Mia Khalifa, ) inserted into correio in news.db
2021-07-21 19:46:13,598:database:DEBUG:(2021-07-20 06:00:00|Decisão sobre fundão) inserted into correio in news.db
2021-07-21 19:46:13,658:database:DEBUG:(2021-07-20 06:00:00|CPI foca em empresa ) inserted into correio in news.db
2021-07-21 19:46:13,737:database:DEBUG:(2021-07-19 22:36:00|Bolsonaro diz que ve) inserted into correio in news.db
2021-07-21 19:46:13,803:database:DEBUG:(2021-07-19 19:55:00|Bolsonaro: "Eu não a) inserted into correio in news.db
2021-07-21 19:46:13,870:database:DEBUG:(2021-07-19 19:42:00|Parlamentares vão ao) inserted into correio in news.db
2021-07-21 19:46:13,951:database:DEBUG:(2021-07-19 19:37:00|Omar Aziz: "Roberto ) inserted into correio in news.db
2021-07-21 19:46:14,041:database:DEBUG:(2021-07-19 18:09:00|"Não é invenção minh) inserted into correio in news.db
2021-07-21 19:46:14,105:database:DEBUG:(2021-07-19 18:00:00|Fux descarta urgênci) inserted into correio in news.db
2021-07-21 19:46:14,105:webdriver:DEBUG:clicking next page
2021-07-21 19:46:14,157:webdriver:DEBUG:next page clicked, sleeping...
2021-07-21 19:46:14,658:scraper:DEBUG:page 3 - finding elements
2021-07-21 19:46:14,688:webdriver:DEBUG:62 elements found
2021-07-21 19:46:14,689:scraper:DEBUG:looping through last 400 elements
2021-07-21 19:46:14,691:webdriver:DEBUG:clicking next page
2021-07-21 19:46:14,812:webdriver:DEBUG:next page clicked, sleeping...
2021-07-21 19:46:15,313:scraper:DEBUG:page 4 - finding elements
2021-07-21 19:46:15,357:webdriver:DEBUG:102 elements found
2021-07-21 19:46:15,357:scraper:DEBUG:looping through last 400 elements
2021-07-21 19:46:15,460:database:DEBUG:(2021-07-19 17:39:00|Aziz volta a compara) inserted into correio in news.db
2021-07-21 19:46:15,523:database:DEBUG:(2021-07-19 17:24:00|Artistas lançam mani) inserted into correio in news.db
2021-07-21 19:46:15,597:database:DEBUG:(2021-07-19 16:25:00|Mourão sobre fundo e) inserted into correio in news.db
2021-07-21 19:46:15,661:database:DEBUG:(2021-07-19 15:34:00|Pode haver "algum ti) inserted into correio in news.db
2021-07-21 19:46:15,740:database:DEBUG:(2021-07-19 14:47:00|Bolsonaro diz que Ra) inserted into correio in news.db
2021-07-21 19:46:15,817:database:DEBUG:(2021-07-19 14:30:00|Vice-presidente da C) inserted into correio in news.db
2021-07-21 19:46:15,885:database:DEBUG:(2021-07-19 14:21:00|Bolsonaro ironiza in) inserted into correio in news.db
2021-07-21 19:46:15,950:database:DEBUG:(2021-07-19 14:05:00|Bolsonaro defende Pa) inserted into correio in news.db
2021-07-21 19:46:16,013:database:DEBUG:(2021-07-19 14:04:00|Bolsonaro chama pres) inserted into correio in news.db
2021-07-21 19:46:16,090:database:DEBUG:(2021-07-19 11:43:00|Bolsonaro sobre dore) inserted into correio in news.db
2021-07-21 19:46:16,163:database:DEBUG:(2021-07-19 10:04:00|Após alta, Bolsonaro) inserted into correio in news.db
2021-07-21 19:46:16,230:database:DEBUG:(2021-07-18 23:12:00|Chinesa Sinovac diz ) inserted into correio in news.db
2021-07-21 19:46:16,287:database:DEBUG:(2021-07-18 15:48:00|Olavo de Carvalho te) inserted into correio in news.db
2021-07-21 19:46:16,363:database:DEBUG:(2021-07-18 13:27:00|Bolsonaro culpa gove) inserted into correio in news.db
2021-07-21 19:46:16,445:database:DEBUG:(2021-07-18 13:16:00|Bolsonaro defende vo) inserted into correio in news.db
2021-07-21 19:46:16,551:database:DEBUG:(2021-07-18 12:26:00|Brasília é o paraíso) inserted into correio in news.db
2021-07-21 19:46:16,608:database:DEBUG:(2021-07-18 09:40:00|Bolsonaro recebe alt) inserted into correio in news.db
2021-07-21 19:46:16,677:database:DEBUG:(2021-07-18 08:00:00|Bolsonaro continua e) inserted into correio in news.db
2021-07-21 19:46:16,748:database:DEBUG:(2021-07-18 06:00:00|"Presidente pode ser) inserted into correio in news.db
2021-07-21 19:46:16,833:database:DEBUG:(2021-07-18 06:00:00|Disseminação de fake) inserted into correio in news.db
2021-07-21 19:46:16,925:database:DEBUG:(2021-07-18 06:00:00|'Distritão': nova fo) inserted into correio in news.db
2021-07-21 19:46:16,992:database:DEBUG:(2021-07-18 06:00:00|Escolhido para o Sup) inserted into correio in news.db
2021-07-21 19:46:17,058:database:DEBUG:(2021-07-18 06:00:00|Mesmo de recesso, CP) inserted into correio in news.db
2021-07-21 19:46:17,128:database:DEBUG:(2021-07-17 19:30:00|Randolfe acusa Pazue) inserted into correio in news.db
2021-07-21 19:46:17,203:database:DEBUG:(2021-07-17 18:55:00|CPI da Covid formali) inserted into correio in news.db
2021-07-21 19:46:17,271:database:DEBUG:(2021-07-17 18:19:00|Bolsonaro deve ter a) inserted into correio in news.db
2021-07-21 19:46:17,340:database:DEBUG:(2021-07-17 16:08:00|Cirurgia abriria esp) inserted into correio in news.db
2021-07-21 19:46:17,417:database:DEBUG:(2021-07-17 11:18:00|CPI da Covid: senado) inserted into correio in news.db
2021-07-21 19:46:17,591:database:DEBUG:(2021-07-17 11:13:00|Ministro Rogério Mar) inserted into correio in news.db
2021-07-21 19:46:17,670:database:DEBUG:(2021-07-17 11:02:00|Bolsonaro pode receb) inserted into correio in news.db
2021-07-21 19:46:17,749:database:DEBUG:(2021-07-17 06:00:00|Após recesso, CPI ex) inserted into correio in news.db
2021-07-21 19:46:17,841:database:DEBUG:(2021-07-17 06:00:00|"A CPI da Pandemia a) inserted into correio in news.db
2021-07-21 19:46:17,901:database:DEBUG:(2021-07-17 06:00:00|Fundão Eleitoral: Ed) inserted into correio in news.db
2021-07-21 19:46:18,000:database:DEBUG:(2021-07-17 06:00:00|Adiamento da PEC do ) inserted into correio in news.db
2021-07-21 19:46:18,125:database:DEBUG:(2021-07-17 06:00:00|No recesso, CPI deve) inserted into correio in news.db
2021-07-21 19:46:18,223:database:DEBUG:(2021-07-17 00:12:00|Irmão do deputado Lu) inserted into correio in news.db
2021-07-21 19:46:18,293:database:DEBUG:(2021-07-16 23:47:00|Forças Armadas não a) inserted into correio in news.db
2021-07-21 19:46:18,405:database:DEBUG:(2021-07-16 23:28:00|Pazuello diz que pro) inserted into correio in news.db
2021-07-21 19:46:18,478:database:DEBUG:(2021-07-16 23:18:00|No recesso, senadore) inserted into correio in news.db
2021-07-21 19:46:18,545:database:DEBUG:(2021-07-16 22:07:00|PF abre inquérito pa) inserted into correio in news.db
2021-07-21 19:46:18,545:webdriver:DEBUG:clicking next page
2021-07-21 19:46:18,689:webdriver:DEBUG:next page clicked, sleeping...
2021-07-21 19:46:19,190:scraper:DEBUG:page 5 - finding elements
2021-07-21 19:46:19,205:webdriver:DEBUG:102 elements found
2021-07-21 19:46:19,205:scraper:DEBUG:looping through last 400 elements
2021-07-21 19:46:19,207:webdriver:DEBUG:clicking next page
2021-07-21 19:46:19,267:webdriver:DEBUG:next page clicked, sleeping...
2021-07-21 19:46:19,773:scraper:DEBUG:page 6 - finding elements
2021-07-21 19:46:19,821:webdriver:DEBUG:122 elements found
2021-07-21 19:46:19,822:scraper:DEBUG:looping through last 400 elements
2021-07-21 19:46:19,895:database:DEBUG:(2021-07-16 20:06:00|Bolsonaro passa por ) inserted into correio in news.db
2021-07-21 19:46:19,960:database:DEBUG:(2021-07-16 19:51:00|Bolsonaro passou por) inserted into correio in news.db
2021-07-21 19:46:20,031:database:DEBUG:(2021-07-16 19:37:00|Em quadro estável, B) inserted into correio in news.db
2021-07-21 19:46:20,120:database:DEBUG:(2021-07-16 18:35:00|CPI vai mirar em emp) inserted into correio in news.db
2021-07-21 19:46:20,223:database:DEBUG:(2021-07-16 17:47:00|Bolsonaro despacha d) inserted into correio in news.db
2021-07-21 19:46:20,324:database:DEBUG:(2021-07-16 17:07:00|Depoimentos à CPI da) inserted into correio in news.db
2021-07-21 19:46:20,408:database:DEBUG:(2021-07-16 16:47:00|Comissão da Câmara a) inserted into correio in news.db
2021-07-21 19:46:20,545:database:DEBUG:(2021-07-16 15:02:00|Pazuello prometeu co) inserted into correio in news.db
2021-07-21 19:46:20,646:database:DEBUG:(2021-07-16 13:19:00|É contra, mas votou ) inserted into correio in news.db
2021-07-21 19:46:20,734:database:DEBUG:(2021-07-16 13:02:00|Bolsonaro passa bem,) inserted into correio in news.db
2021-07-21 19:46:20,801:database:DEBUG:(2021-07-16 11:47:00|Bolsonaro já despach) inserted into correio in news.db
2021-07-21 19:46:20,887:database:DEBUG:(2021-07-16 09:19:00|Doria com covid: por) inserted into correio in news.db
2021-07-21 19:46:21,030:database:DEBUG:(2021-07-16 06:00:00|Vergonha do Congress) inserted into correio in news.db
2021-07-21 19:46:21,125:database:DEBUG:(2021-07-16 06:00:00|Mais militares citad) inserted into correio in news.db
2021-07-21 19:46:21,234:database:DEBUG:(2021-07-16 06:00:00|Randolfe a Bolsonaro) inserted into correio in news.db
2021-07-21 19:46:21,296:database:DEBUG:(2021-07-16 06:00:00|Movimento político d) inserted into correio in news.db
2021-07-21 19:46:21,367:database:DEBUG:(2021-07-15 22:54:00|Bolsonaro amplia açã) inserted into correio in news.db
2021-07-21 19:46:21,456:database:DEBUG:(2021-07-15 22:49:00|Senado vota se SUS p) inserted into correio in news.db
2021-07-21 19:46:21,532:database:DEBUG:(2021-07-15 22:27:00|Sancionada lei que l) inserted into correio in news.db
2021-07-21 19:46:21,628:database:DEBUG:(2021-07-15 22:24:00|Políticos aliados te) inserted into correio in news.db
2021-07-21 19:46:21,628:webdriver:DEBUG:clicking next page
2021-07-21 19:46:21,706:webdriver:DEBUG:next page clicked, sleeping...
2021-07-21 19:46:22,208:scraper:DEBUG:page 7 - finding elements
2021-07-21 19:46:22,258:webdriver:DEBUG:162 elements found
2021-07-21 19:46:22,258:scraper:DEBUG:looping through last 400 elements
2021-07-21 19:46:22,361:database:DEBUG:(2021-07-15 22:19:00|Após decisão, You Tu) inserted into correio in news.db
2021-07-21 19:46:22,420:database:DEBUG:(2021-07-15 21:56:00|Parlamentares defend) inserted into correio in news.db
2021-07-21 19:46:22,514:database:DEBUG:(2021-07-15 20:08:00|Bolsonaro retira son) inserted into correio in news.db
2021-07-21 19:46:22,594:database:DEBUG:(2021-07-15 20:05:00|Partidos da oposição) inserted into correio in news.db
2021-07-21 19:46:22,670:database:DEBUG:(2021-07-15 19:28:00|Aziz rebate post de ) inserted into correio in news.db
2021-07-21 19:46:22,745:database:DEBUG:(2021-07-15 19:02:00|Congresso aprova tex) inserted into correio in news.db
2021-07-21 19:46:22,819:database:DEBUG:(2021-07-15 18:48:00|Bolsonaro em entrevi) inserted into correio in news.db
2021-07-21 19:46:22,944:database:DEBUG:(2021-07-15 18:47:00|Depoente chama Blanc) inserted into correio in news.db
2021-07-21 19:46:23,027:database:DEBUG:(2021-07-15 18:36:00|Randolfe e Tebet enu) inserted into correio in news.db
2021-07-21 19:46:23,094:database:DEBUG:(2021-07-15 18:17:00|No hospital, Bolsona) inserted into correio in news.db
2021-07-21 19:46:23,154:database:DEBUG:(2021-07-15 17:58:00|Internado em São Pau) inserted into correio in news.db
2021-07-21 19:46:23,246:database:DEBUG:(2021-07-15 17:40:00|Internado, Bolsonaro) inserted into correio in news.db
2021-07-21 19:46:23,318:database:DEBUG:(2021-07-15 17:36:00|Doria testa positivo) inserted into correio in news.db
2021-07-21 19:46:23,396:database:DEBUG:(2021-07-15 16:51:00|Representante da Dav) inserted into correio in news.db
2021-07-21 19:46:23,462:database:DEBUG:(2021-07-15 16:02:00|Representante da Dav) inserted into correio in news.db
2021-07-21 19:46:23,563:database:DEBUG:(2021-07-15 15:44:00|Representante da Dav) inserted into correio in news.db
2021-07-21 19:46:23,665:database:DEBUG:(2021-07-15 15:38:00|Câmara aprova texto ) inserted into correio in news.db
2021-07-21 19:46:23,746:database:DEBUG:(2021-07-15 14:13:00|Representante da Dav) inserted into correio in news.db
2021-07-21 19:46:23,813:database:DEBUG:(2021-07-15 12:27:00|Bolsonaro melhora, m) inserted into correio in news.db
2021-07-21 19:46:23,900:database:DEBUG:(2021-07-15 12:18:00|Flávio diz que Bolso) inserted into correio in news.db
2021-07-21 19:46:23,976:database:DEBUG:(2021-07-15 12:14:00|Com Bolsonaro intern) inserted into correio in news.db
2021-07-21 19:46:24,090:database:DEBUG:(2021-07-15 12:13:00|Eduardo diz que Jair) inserted into correio in news.db
2021-07-21 19:46:24,169:database:DEBUG:(2021-07-15 10:16:00|Ao vivo: representan) inserted into correio in news.db
2021-07-21 19:46:24,268:database:DEBUG:(2021-07-15 06:00:00|Bolsonaro deve ser o) inserted into correio in news.db
2021-07-21 19:46:24,345:database:DEBUG:(2021-07-15 06:00:00|Análise: mesmo polit) inserted into correio in news.db
2021-07-21 19:46:24,434:database:DEBUG:(2021-07-15 06:00:00|CPI pretende pôr exe) inserted into correio in news.db
2021-07-21 19:46:24,512:database:DEBUG:(2021-07-15 06:00:00|Tebet aponta Flavio ) inserted into correio in news.db
2021-07-21 19:46:24,588:database:DEBUG:(2021-07-15 06:00:00|Obstrução intestinal) inserted into correio in news.db
2021-07-21 19:46:24,669:database:DEBUG:(2021-07-14 23:33:00|Câmara aprova medida) inserted into correio in news.db
2021-07-21 19:46:24,752:database:DEBUG:(2021-07-14 23:16:00|Câmara aprova projet) inserted into correio in news.db
2021-07-21 19:46:24,830:database:DEBUG:(2021-07-14 23:12:00|Após internação, equ) inserted into correio in news.db
2021-07-21 19:46:24,902:database:DEBUG:(2021-07-14 22:58:00|"O caminho é o Elcio) inserted into correio in news.db
2021-07-21 19:46:25,004:database:DEBUG:(2021-07-14 22:34:00|Nem Mourão, nem Lira) inserted into correio in news.db
2021-07-21 19:46:25,087:database:DEBUG:(2021-07-14 21:55:00|Representante da Dav) inserted into correio in news.db
2021-07-21 19:46:25,175:database:DEBUG:(2021-07-14 21:42:00|Análise: Bolsonaro u) inserted into correio in news.db
2021-07-21 19:46:25,271:database:DEBUG:(2021-07-14 21:21:00|Internado em São Pau) inserted into correio in news.db
2021-07-21 19:46:25,398:database:DEBUG:(2021-07-14 21:20:00|Pacheco autoriza pro) inserted into correio in news.db
2021-07-21 19:46:25,481:database:DEBUG:(2021-07-14 21:16:00|Fux permite que coro) inserted into correio in news.db
2021-07-21 19:46:25,552:database:DEBUG:(2021-07-14 19:41:00|Flávio diz que Bolso) inserted into correio in news.db
2021-07-21 19:46:25,639:database:DEBUG:(2021-07-14 18:43:00|Congresso Nacional v) inserted into correio in news.db
2021-07-21 19:46:25,640:webdriver:DEBUG:clicking next page
2021-07-21 19:46:25,717:webdriver:DEBUG:next page clicked, sleeping...
2021-07-21 19:46:26,219:scraper:DEBUG:page 8 - finding elements
2021-07-21 19:46:26,304:webdriver:DEBUG:162 elements found
2021-07-21 19:46:26,305:scraper:DEBUG:looping through last 400 elements
2021-07-21 19:46:26,320:webdriver:DEBUG:clicking next page
2021-07-21 19:46:26,410:webdriver:DEBUG:next page clicked, sleeping...
2021-07-21 19:46:26,914:scraper:DEBUG:page 9 - finding elements
2021-07-21 19:46:26,939:webdriver:DEBUG:202 elements found
2021-07-21 19:46:26,939:scraper:DEBUG:looping through last 400 elements
2021-07-21 19:46:27,001:database:DEBUG:(2021-07-14 18:19:00|Globo faz plantão pa) inserted into correio in news.db
2021-07-21 19:46:27,057:database:DEBUG:(2021-07-14 18:14:00|Flávio diz que Bolso) inserted into correio in news.db
2021-07-21 19:46:27,110:database:DEBUG:(2021-07-14 17:29:00|Mensagens de Domingh) inserted into correio in news.db
2021-07-21 19:46:27,169:database:DEBUG:(2021-07-14 17:02:00|Deputada protocola P) inserted into correio in news.db
2021-07-21 19:46:27,222:database:DEBUG:(2021-07-14 16:40:00|Bolsonaro diz que po) inserted into correio in news.db
2021-07-21 19:46:27,272:database:DEBUG:(2021-07-14 16:05:00|Bolsonaro está com o) inserted into correio in news.db
2021-07-21 19:46:27,322:database:DEBUG:(2021-07-14 15:55:00|Diretora da Precisa ) inserted into correio in news.db
2021-07-21 19:46:27,387:database:DEBUG:(2021-07-14 14:55:00|Diretora da Precisa ) inserted into correio in news.db
2021-07-21 19:46:27,451:database:DEBUG:(2021-07-14 13:01:00|CPI adia depoimento ) inserted into correio in news.db
2021-07-21 19:46:27,524:database:DEBUG:(2021-07-14 12:53:00|Executiva da Precisa) inserted into correio in news.db
2021-07-21 19:46:27,632:database:DEBUG:(2021-07-14 12:23:00|Bolsonaro: médicos a) inserted into correio in news.db
2021-07-21 19:46:27,744:database:DEBUG:(2021-07-14 12:20:00|Quadro de Bolsonaro ) inserted into correio in news.db
2021-07-21 19:46:27,833:database:DEBUG:(2021-07-14 11:32:00|Documento do governo) inserted into correio in news.db
2021-07-21 19:46:28,128:database:DEBUG:(2021-07-14 10:21:00|Ao vivo: CPI da Covi) inserted into correio in news.db
2021-07-21 19:46:28,246:database:DEBUG:(2021-07-14 08:52:00|Bolsonaro passa mal ) inserted into correio in news.db
2021-07-21 19:46:28,415:database:DEBUG:(2021-07-14 06:00:00|Nove vezes em que Bo) inserted into correio in news.db
2021-07-21 19:46:28,532:database:DEBUG:(2021-07-14 06:00:00|"Bolsonaro não será ) inserted into correio in news.db
2021-07-21 19:46:28,596:database:DEBUG:(2021-07-14 06:00:00|Randolfe diz que gov) inserted into correio in news.db
2021-07-21 19:46:28,713:database:DEBUG:(2021-07-14 06:00:00|Alexandre Garcia: "O) inserted into correio in news.db
2021-07-21 19:46:28,899:database:DEBUG:(2021-07-13 21:54:00|Fux limita direito a) inserted into correio in news.db
2021-07-21 19:46:28,991:database:DEBUG:(2021-07-13 21:30:00|Candidatos da lista ) inserted into correio in news.db
2021-07-21 19:46:29,079:database:DEBUG:(2021-07-13 21:12:00|Aziz reconvoca repre) inserted into correio in news.db
2021-07-21 19:46:29,179:database:DEBUG:(2021-07-13 21:02:00|Relator da reforma t) inserted into correio in news.db
2021-07-21 19:46:29,274:database:DEBUG:(2021-07-13 20:51:00|"Tenho 3 cartões cor) inserted into correio in news.db
2021-07-21 19:46:29,369:database:DEBUG:(2021-07-13 20:32:00|Omar Aziz chama Jair) inserted into correio in news.db
2021-07-21 19:46:29,473:database:DEBUG:(2021-07-13 19:37:00|Casal usa camisa con) inserted into correio in news.db
2021-07-21 19:46:29,597:database:DEBUG:(2021-07-13 19:24:00|Luís Miranda prestar) inserted into correio in news.db
2021-07-21 19:46:29,656:database:DEBUG:(2021-07-13 19:18:00|CPI decide retomar s) inserted into correio in news.db
2021-07-21 19:46:29,755:database:DEBUG:(2021-07-13 19:03:00|Presidente do PT rec) inserted into correio in news.db
2021-07-21 19:46:29,896:database:DEBUG:(2021-07-13 19:01:00|"PEC Pazuello" alcan) inserted into correio in news.db
2021-07-21 19:46:30,014:database:DEBUG:(2021-07-13 18:39:00|Polícia Federal diz ) inserted into correio in news.db
2021-07-21 19:46:30,104:database:DEBUG:(2021-07-13 18:33:00|Fux diz ao Senado qu) inserted into correio in news.db
2021-07-21 19:46:30,158:database:DEBUG:(2021-07-13 18:17:00|Bolsonaro reclama de) inserted into correio in news.db
2021-07-21 19:46:30,212:database:DEBUG:(2021-07-13 17:44:00|Daniel Silveira esca) inserted into correio in news.db
2021-07-21 19:46:30,270:database:DEBUG:(2021-07-13 17:15:00|Bolsonaro se reúne n) inserted into correio in news.db
2021-07-21 19:46:30,330:database:DEBUG:(2021-07-13 16:34:00|Bolsonaro: "Que Deus) inserted into correio in news.db
2021-07-21 19:46:30,383:database:DEBUG:(2021-07-13 16:34:00|"Nem horror, nem ter) inserted into correio in news.db
2021-07-21 19:46:30,446:database:DEBUG:(2021-07-13 16:04:00|Defesa de Emanuela M) inserted into correio in news.db
2021-07-21 19:46:30,500:database:DEBUG:(2021-07-13 15:31:00|CPI pede ao STF escl) inserted into correio in news.db
2021-07-21 19:46:30,557:database:DEBUG:(2021-07-13 14:51:00|Corpo de Adriano da ) inserted into correio in news.db
2021-07-21 19:46:30,557:webdriver:DEBUG:clicking next page
2021-07-21 19:46:30,606:webdriver:DEBUG:next page clicked, sleeping...
2021-07-21 19:46:31,109:database:DEBUG:news.db connection closed
2021-07-21 19:46:31,219:webdriver:DEBUG:connection closed
